#
# There is insufficient memory for the Java Runtime Environment to continue.
# Native memory allocation (mmap) failed to map 65536 bytes for Failed to commit metaspace.
# Possible reasons:
#   The system is out of physical RAM or swap space
#   The process is running with CompressedOops enabled, and the Java Heap may be blocking the growth of the native heap
# Possible solutions:
#   Reduce memory load on the system
#   Increase physical memory or swap space
#   Check if swap backing store is full
#   Decrease Java heap size (-Xmx/-Xms)
#   Decrease number of Java threads
#   Decrease Java thread stack sizes (-Xss)
#   Set larger code cache with -XX:ReservedCodeCacheSize=
#   JVM is running with Zero Based Compressed Oops mode in which the Java heap is
#     placed in the first 32GB address space. The Java Heap base address is the
#     maximum limit for the native heap growth. Please use -XX:HeapBaseMinAddress
#     to set the Java Heap base and to place the Java Heap above 32GB virtual address.
# This output file may be truncated or incomplete.
#
#  Out of Memory Error (virtualSpaceNode.cpp:110), pid=11384, tid=6660
#
# JRE version: Java(TM) SE Runtime Environment (19.0.1+10) (build 19.0.1+10-21)
# Java VM: Java HotSpot(TM) 64-Bit Server VM (19.0.1+10-21, mixed mode, sharing, tiered, compressed oops, compressed class ptrs, g1 gc, windows-amd64)
# No core dump will be written. Minidumps are not enabled by default on client versions of Windows
#

---------------  S U M M A R Y ------------

Command Line: -Dfile.encoding=UTF-8 --module-path=C:\Users\adity\OneDrive\Documents\NetBeansProjects\bank management system\build\classes bank.management.system.BalanceEnquiry

Host: AMD Ryzen 5 5500U with Radeon Graphics         , 12 cores, 15G,  Windows 11 , 64 bit Build 22621 (10.0.22621.3958)
Time: Tue Sep 24 16:22:05 2024 India Standard Time elapsed time: 0.904047 seconds (0d 0h 0m 0s)

---------------  T H R E A D  ---------------

Current thread (0x000002780e50db10):  JavaThread "main" [_thread_in_vm, id=6660, stack(0x000000edfd300000,0x000000edfd400000)]

Stack: [0x000000edfd300000,0x000000edfd400000]
Native frames: (J=compiled Java code, j=interpreted, Vv=VM code, C=native code)
V  [jvm.dll+0x6ee8fa]
V  [jvm.dll+0x857a1e]
V  [jvm.dll+0x85940e]
V  [jvm.dll+0x859ac3]
V  [jvm.dll+0x28291f]
V  [jvm.dll+0x85369b]
V  [jvm.dll+0x693276]
V  [jvm.dll+0x1f29b7]
V  [jvm.dll+0x695cb2]
V  [jvm.dll+0x695a9e]
V  [jvm.dll+0x693c9e]
V  [jvm.dll+0x26f4e1]
V  [jvm.dll+0x21e927]
V  [jvm.dll+0x214571]
V  [jvm.dll+0x5aa2d6]
V  [jvm.dll+0x22567a]
V  [jvm.dll+0x7ccb72]
V  [jvm.dll+0x7cdfba]
V  [jvm.dll+0x7ce2e8]
V  [jvm.dll+0x271d6b]
V  [jvm.dll+0x271f8f]
V  [jvm.dll+0x5cba38]
V  [jvm.dll+0x5ce997]
V  [jvm.dll+0x3ddf27]
V  [jvm.dll+0x3dd57f]
C  0x000002781d9cc1a1

Java frames: (J=compiled Java code, j=interpreted, Vv=VM code)
j  sun.nio.ch.NioSocketImpl.create(Z)V+66 java.base@19.0.1
j  java.net.DelegatingSocketImpl.create(Z)V+5 java.base@19.0.1
j  java.net.Socket.createImpl(Z)V+16 java.base@19.0.1
j  java.net.Socket.getImpl()Ljava/net/SocketImpl;+9 java.base@19.0.1
j  java.net.Socket.setTcpNoDelay(Z)V+18 java.base@19.0.1
j  com.mysql.cj.protocol.StandardSocketFactory.configureSocket(Ljava/net/Socket;Lcom/mysql/cj/conf/PropertySet;)V+21
j  com.mysql.cj.protocol.StandardSocketFactory.connect(Ljava/lang/String;ILcom/mysql/cj/conf/PropertySet;I)Ljava/io/Closeable;+153
j  com.mysql.cj.protocol.a.NativeSocketConnection.connect(Ljava/lang/String;ILcom/mysql/cj/conf/PropertySet;Lcom/mysql/cj/exceptions/ExceptionInterceptor;Lcom/mysql/cj/log/Log;I)V+59
j  com.mysql.cj.NativeSession.connect(Lcom/mysql/cj/conf/HostInfo;Ljava/lang/String;Ljava/lang/String;Ljava/lang/String;ILcom/mysql/cj/TransactionEventHandler;)V+49
j  com.mysql.cj.jdbc.ConnectionImpl.connectOneTryOnly(Z)V+32
j  com.mysql.cj.jdbc.ConnectionImpl.createNewIO(Z)V+27
j  com.mysql.cj.jdbc.ConnectionImpl.<init>(Lcom/mysql/cj/conf/HostInfo;)V+753
j  com.mysql.cj.jdbc.ConnectionImpl.getInstance(Lcom/mysql/cj/conf/HostInfo;)Lcom/mysql/cj/jdbc/JdbcConnection;+5
j  com.mysql.cj.jdbc.NonRegisteringDriver.connect(Ljava/lang/String;Ljava/util/Properties;)Ljava/sql/Connection;+72
j  java.sql.DriverManager.getConnection(Ljava/lang/String;Ljava/util/Properties;Ljava/lang/Class;)Ljava/sql/Connection;+133 java.sql@19.0.1
j  java.sql.DriverManager.getConnection(Ljava/lang/String;Ljava/lang/String;Ljava/lang/String;)Ljava/sql/Connection;+37 java.sql@19.0.1
j  bank.management.system.Conn.<init>()V+17
j  bank.management.system.BalanceEnquiry.<init>(Ljava/lang/String;)V+199
j  bank.management.system.BalanceEnquiry.main([Ljava/lang/String;)V+6
v  ~StubRoutines::call_stub 0x000002781d9a100e

---------------  P R O C E S S  ---------------

Threads class SMR info:
_java_thread_list=0x000002783718b640, length=18, elements={
0x000002780e50db10, 0x00000278317e89d0, 0x00000278317e9460, 0x00000278317ec0e0,
0x00000278317eca10, 0x00000278317ed4e0, 0x00000278317f5360, 0x0000027831802da0,
0x000002783180c860, 0x000002783180cde0, 0x00000278317c17f0, 0x0000027835d80920,
0x0000027835ed87b0, 0x0000027835ed9100, 0x0000027835f52ae0, 0x000002783730ec90,
0x0000027837351790, 0x000002783737f6e0
}

Java Threads: ( => current thread )
=>0x000002780e50db10 JavaThread "main" [_thread_in_vm, id=6660, stack(0x000000edfd300000,0x000000edfd400000)]
  0x00000278317e89d0 JavaThread "Reference Handler" daemon [_thread_blocked, id=21052, stack(0x000000edfda00000,0x000000edfdb00000)]
  0x00000278317e9460 JavaThread "Finalizer" daemon [_thread_blocked, id=12388, stack(0x000000edfdb00000,0x000000edfdc00000)]
  0x00000278317ec0e0 JavaThread "Signal Dispatcher" daemon [_thread_blocked, id=22248, stack(0x000000edfdc00000,0x000000edfdd00000)]
  0x00000278317eca10 JavaThread "Attach Listener" daemon [_thread_blocked, id=13732, stack(0x000000edfdd00000,0x000000edfde00000)]
  0x00000278317ed4e0 JavaThread "Service Thread" daemon [_thread_blocked, id=16288, stack(0x000000edfde00000,0x000000edfdf00000)]
  0x00000278317f5360 JavaThread "Monitor Deflation Thread" daemon [_thread_blocked, id=22344, stack(0x000000edfdf00000,0x000000edfe000000)]
  0x0000027831802da0 JavaThread "C2 CompilerThread0" daemon [_thread_blocked, id=7060, stack(0x000000edfe000000,0x000000edfe100000)]
  0x000002783180c860 JavaThread "C1 CompilerThread0" daemon [_thread_blocked, id=18640, stack(0x000000edfe100000,0x000000edfe200000)]
  0x000002783180cde0 JavaThread "Sweeper thread" daemon [_thread_blocked, id=18868, stack(0x000000edfe200000,0x000000edfe300000)]
  0x00000278317c17f0 JavaThread "Common-Cleaner" daemon [_thread_blocked, id=17460, stack(0x000000edfe300000,0x000000edfe400000)]
  0x0000027835d80920 JavaThread "Notification Thread" daemon [_thread_blocked, id=3224, stack(0x000000edfe400000,0x000000edfe500000)]
  0x0000027835ed87b0 JavaThread "Java2D Disposer" daemon [_thread_blocked, id=17288, stack(0x000000edfe700000,0x000000edfe800000)]
  0x0000027835ed9100 JavaThread "AWT-Shutdown" [_thread_blocked, id=7256, stack(0x000000edfe800000,0x000000edfe900000)]
  0x0000027835f52ae0 JavaThread "AWT-Windows" daemon [_thread_in_native, id=19744, stack(0x000000edfe900000,0x000000edfea00000)]
  0x000002783730ec90 JavaThread "Image Fetcher 0" daemon [_thread_blocked, id=26692, stack(0x000000edff300000,0x000000edff400000)]
  0x0000027837351790 JavaThread "C2 CompilerThread1" daemon [_thread_blocked, id=19832, stack(0x000000edff400000,0x000000edff500000)]
  0x000002783737f6e0 JavaThread "mysql-cj-abandoned-connection-cleanup" daemon [_thread_blocked, id=8540, stack(0x000000edff500000,0x000000edff600000)]

Other Threads:
  0x00000278317d1f80 VMThread "VM Thread" [stack: 0x000000edfd900000,0x000000edfda00000] [id=6684]
  0x0000027835cec680 WatcherThread "VM Periodic Task Thread" [stack: 0x000000edfe500000,0x000000edfe600000] [id=3300]
  0x000002780e57e3f0 WorkerThread "GC Thread#0" [stack: 0x000000edfd400000,0x000000edfd500000] [id=19156]
  0x000002780e58e7d0 ConcurrentGCThread "G1 Main Marker" [stack: 0x000000edfd500000,0x000000edfd600000] [id=22780]
  0x000002780e58f2a0 WorkerThread "G1 Conc#0" [stack: 0x000000edfd600000,0x000000edfd700000] [id=23032]
  0x000002780e5ceab0 ConcurrentGCThread "G1 Refine#0" [stack: 0x000000edfd700000,0x000000edfd800000] [id=10176]
  0x0000027831690100 ConcurrentGCThread "G1 Service" [stack: 0x000000edfd800000,0x000000edfd900000] [id=6476]

Threads with active compile tasks:

VM state: not at safepoint (normal execution)

VM Mutex/Monitor currently owned by a thread:  ([mutex/lock_event])
[0x000002780e506e70] Metaspace_lock - owner thread: 0x000002780e50db10

Heap address: 0x000000070a800000, size: 3928 MB, Compressed Oops mode: Zero based, Oop shift amount: 3

CDS archive(s) mapped at: [0x0000000800000000-0x0000000800c40000-0x0000000800c40000), size 12845056, SharedBaseAddress: 0x0000000800000000, ArchiveRelocationMode: 0.
Compressed class space mapped at: 0x0000000801000000-0x0000000841000000, reserved size: 1073741824
Narrow klass base: 0x0000000800000000, Narrow klass shift: 0, Narrow klass range: 0x100000000

GC Precious Log:
 CardTable entry size: 512
 Card Set container configuration: InlinePtr #cards 4 size 8 Array Of Cards #cards 16 size 48 Howl #buckets 8 coarsen threshold 3686 Howl Bitmap #cards 512 size 80 coarsen threshold 460 Card regions per heap region 1 cards per card region 4096
 CPUs: 12 total, 12 available
 Memory: 15706M
 Large Page Support: Disabled
 NUMA Support: Disabled
 Compressed Oops: Enabled (Zero based)
 Heap Region Size: 2M
 Heap Min Capacity: 8M
 Heap Initial Capacity: 246M
 Heap Max Capacity: 3928M
 Pre-touch: Disabled
 Parallel Workers: 10
 Concurrent Workers: 3
 Concurrent Refinement Workers: 10
 Periodic GC: Disabled

Heap:
 garbage-first heap   total 251904K, used 26624K [0x000000070a800000, 0x0000000800000000)
  region size 2048K, 10 young (20480K), 0 survivors (0K)
 Metaspace       used 7285K, committed 7488K, reserved 1114112K
  class space    used 721K, committed 832K, reserved 1048576K

Heap Regions: E=young(eden), S=young(survivor), O=old, HS=humongous(starts), HC=humongous(continues), CS=collection set, F=free, OA=open archive, CA=closed archive, TAMS=top-at-mark-start (previous, next)
|   0|0x000000070a800000, 0x000000070aa00000, 0x000000070aa00000|100%|HS|  |TAMS 0x000000070a800000, 0x000000070a800000| Complete 
|   1|0x000000070aa00000, 0x000000070ac00000, 0x000000070ac00000|100%|HC|  |TAMS 0x000000070aa00000, 0x000000070aa00000| Complete 
|   2|0x000000070ac00000, 0x000000070ae00000, 0x000000070ae00000|100%|HS|  |TAMS 0x000000070ac00000, 0x000000070ac00000| Complete 
|   3|0x000000070ae00000, 0x000000070b000000, 0x000000070b000000|100%|HC|  |TAMS 0x000000070ae00000, 0x000000070ae00000| Complete 
|   4|0x000000070b000000, 0x000000070b000000, 0x000000070b200000|  0%| F|  |TAMS 0x000000070b000000, 0x000000070b000000| Untracked 
|   5|0x000000070b200000, 0x000000070b200000, 0x000000070b400000|  0%| F|  |TAMS 0x000000070b200000, 0x000000070b200000| Untracked 
|   6|0x000000070b400000, 0x000000070b400000, 0x000000070b600000|  0%| F|  |TAMS 0x000000070b400000, 0x000000070b400000| Untracked 
|   7|0x000000070b600000, 0x000000070b600000, 0x000000070b800000|  0%| F|  |TAMS 0x000000070b600000, 0x000000070b600000| Untracked 
|   8|0x000000070b800000, 0x000000070b800000, 0x000000070ba00000|  0%| F|  |TAMS 0x000000070b800000, 0x000000070b800000| Untracked 
|   9|0x000000070ba00000, 0x000000070ba00000, 0x000000070bc00000|  0%| F|  |TAMS 0x000000070ba00000, 0x000000070ba00000| Untracked 
|  10|0x000000070bc00000, 0x000000070bc00000, 0x000000070be00000|  0%| F|  |TAMS 0x000000070bc00000, 0x000000070bc00000| Untracked 
|  11|0x000000070be00000, 0x000000070be00000, 0x000000070c000000|  0%| F|  |TAMS 0x000000070be00000, 0x000000070be00000| Untracked 
|  12|0x000000070c000000, 0x000000070c000000, 0x000000070c200000|  0%| F|  |TAMS 0x000000070c000000, 0x000000070c000000| Untracked 
|  13|0x000000070c200000, 0x000000070c200000, 0x000000070c400000|  0%| F|  |TAMS 0x000000070c200000, 0x000000070c200000| Untracked 
|  14|0x000000070c400000, 0x000000070c400000, 0x000000070c600000|  0%| F|  |TAMS 0x000000070c400000, 0x000000070c400000| Untracked 
|  15|0x000000070c600000, 0x000000070c600000, 0x000000070c800000|  0%| F|  |TAMS 0x000000070c600000, 0x000000070c600000| Untracked 
|  16|0x000000070c800000, 0x000000070c800000, 0x000000070ca00000|  0%| F|  |TAMS 0x000000070c800000, 0x000000070c800000| Untracked 
|  17|0x000000070ca00000, 0x000000070ca00000, 0x000000070cc00000|  0%| F|  |TAMS 0x000000070ca00000, 0x000000070ca00000| Untracked 
|  18|0x000000070cc00000, 0x000000070cc00000, 0x000000070ce00000|  0%| F|  |TAMS 0x000000070cc00000, 0x000000070cc00000| Untracked 
|  19|0x000000070ce00000, 0x000000070ce00000, 0x000000070d000000|  0%| F|  |TAMS 0x000000070ce00000, 0x000000070ce00000| Untracked 
|  20|0x000000070d000000, 0x000000070d000000, 0x000000070d200000|  0%| F|  |TAMS 0x000000070d000000, 0x000000070d000000| Untracked 
|  21|0x000000070d200000, 0x000000070d200000, 0x000000070d400000|  0%| F|  |TAMS 0x000000070d200000, 0x000000070d200000| Untracked 
|  22|0x000000070d400000, 0x000000070d400000, 0x000000070d600000|  0%| F|  |TAMS 0x000000070d400000, 0x000000070d400000| Untracked 
|  23|0x000000070d600000, 0x000000070d600000, 0x000000070d800000|  0%| F|  |TAMS 0x000000070d600000, 0x000000070d600000| Untracked 
|  24|0x000000070d800000, 0x000000070d800000, 0x000000070da00000|  0%| F|  |TAMS 0x000000070d800000, 0x000000070d800000| Untracked 
|  25|0x000000070da00000, 0x000000070da00000, 0x000000070dc00000|  0%| F|  |TAMS 0x000000070da00000, 0x000000070da00000| Untracked 
|  26|0x000000070dc00000, 0x000000070dc00000, 0x000000070de00000|  0%| F|  |TAMS 0x000000070dc00000, 0x000000070dc00000| Untracked 
|  27|0x000000070de00000, 0x000000070de00000, 0x000000070e000000|  0%| F|  |TAMS 0x000000070de00000, 0x000000070de00000| Untracked 
|  28|0x000000070e000000, 0x000000070e000000, 0x000000070e200000|  0%| F|  |TAMS 0x000000070e000000, 0x000000070e000000| Untracked 
|  29|0x000000070e200000, 0x000000070e200000, 0x000000070e400000|  0%| F|  |TAMS 0x000000070e200000, 0x000000070e200000| Untracked 
|  30|0x000000070e400000, 0x000000070e400000, 0x000000070e600000|  0%| F|  |TAMS 0x000000070e400000, 0x000000070e400000| Untracked 
|  31|0x000000070e600000, 0x000000070e600000, 0x000000070e800000|  0%| F|  |TAMS 0x000000070e600000, 0x000000070e600000| Untracked 
|  32|0x000000070e800000, 0x000000070e800000, 0x000000070ea00000|  0%| F|  |TAMS 0x000000070e800000, 0x000000070e800000| Untracked 
|  33|0x000000070ea00000, 0x000000070ea00000, 0x000000070ec00000|  0%| F|  |TAMS 0x000000070ea00000, 0x000000070ea00000| Untracked 
|  34|0x000000070ec00000, 0x000000070ec00000, 0x000000070ee00000|  0%| F|  |TAMS 0x000000070ec00000, 0x000000070ec00000| Untracked 
|  35|0x000000070ee00000, 0x000000070ee00000, 0x000000070f000000|  0%| F|  |TAMS 0x000000070ee00000, 0x000000070ee00000| Untracked 
|  36|0x000000070f000000, 0x000000070f000000, 0x000000070f200000|  0%| F|  |TAMS 0x000000070f000000, 0x000000070f000000| Untracked 
|  37|0x000000070f200000, 0x000000070f200000, 0x000000070f400000|  0%| F|  |TAMS 0x000000070f200000, 0x000000070f200000| Untracked 
|  38|0x000000070f400000, 0x000000070f400000, 0x000000070f600000|  0%| F|  |TAMS 0x000000070f400000, 0x000000070f400000| Untracked 
|  39|0x000000070f600000, 0x000000070f600000, 0x000000070f800000|  0%| F|  |TAMS 0x000000070f600000, 0x000000070f600000| Untracked 
|  40|0x000000070f800000, 0x000000070f800000, 0x000000070fa00000|  0%| F|  |TAMS 0x000000070f800000, 0x000000070f800000| Untracked 
|  41|0x000000070fa00000, 0x000000070fa00000, 0x000000070fc00000|  0%| F|  |TAMS 0x000000070fa00000, 0x000000070fa00000| Untracked 
|  42|0x000000070fc00000, 0x000000070fc00000, 0x000000070fe00000|  0%| F|  |TAMS 0x000000070fc00000, 0x000000070fc00000| Untracked 
|  43|0x000000070fe00000, 0x000000070fe00000, 0x0000000710000000|  0%| F|  |TAMS 0x000000070fe00000, 0x000000070fe00000| Untracked 
|  44|0x0000000710000000, 0x0000000710000000, 0x0000000710200000|  0%| F|  |TAMS 0x0000000710000000, 0x0000000710000000| Untracked 
|  45|0x0000000710200000, 0x0000000710200000, 0x0000000710400000|  0%| F|  |TAMS 0x0000000710200000, 0x0000000710200000| Untracked 
|  46|0x0000000710400000, 0x0000000710400000, 0x0000000710600000|  0%| F|  |TAMS 0x0000000710400000, 0x0000000710400000| Untracked 
|  47|0x0000000710600000, 0x0000000710600000, 0x0000000710800000|  0%| F|  |TAMS 0x0000000710600000, 0x0000000710600000| Untracked 
|  48|0x0000000710800000, 0x0000000710800000, 0x0000000710a00000|  0%| F|  |TAMS 0x0000000710800000, 0x0000000710800000| Untracked 
|  49|0x0000000710a00000, 0x0000000710a00000, 0x0000000710c00000|  0%| F|  |TAMS 0x0000000710a00000, 0x0000000710a00000| Untracked 
|  50|0x0000000710c00000, 0x0000000710c00000, 0x0000000710e00000|  0%| F|  |TAMS 0x0000000710c00000, 0x0000000710c00000| Untracked 
|  51|0x0000000710e00000, 0x0000000710e00000, 0x0000000711000000|  0%| F|  |TAMS 0x0000000710e00000, 0x0000000710e00000| Untracked 
|  52|0x0000000711000000, 0x0000000711000000, 0x0000000711200000|  0%| F|  |TAMS 0x0000000711000000, 0x0000000711000000| Untracked 
|  53|0x0000000711200000, 0x0000000711200000, 0x0000000711400000|  0%| F|  |TAMS 0x0000000711200000, 0x0000000711200000| Untracked 
|  54|0x0000000711400000, 0x0000000711400000, 0x0000000711600000|  0%| F|  |TAMS 0x0000000711400000, 0x0000000711400000| Untracked 
|  55|0x0000000711600000, 0x0000000711600000, 0x0000000711800000|  0%| F|  |TAMS 0x0000000711600000, 0x0000000711600000| Untracked 
|  56|0x0000000711800000, 0x0000000711800000, 0x0000000711a00000|  0%| F|  |TAMS 0x0000000711800000, 0x0000000711800000| Untracked 
|  57|0x0000000711a00000, 0x0000000711a00000, 0x0000000711c00000|  0%| F|  |TAMS 0x0000000711a00000, 0x0000000711a00000| Untracked 
|  58|0x0000000711c00000, 0x0000000711c00000, 0x0000000711e00000|  0%| F|  |TAMS 0x0000000711c00000, 0x0000000711c00000| Untracked 
|  59|0x0000000711e00000, 0x0000000711e00000, 0x0000000712000000|  0%| F|  |TAMS 0x0000000711e00000, 0x0000000711e00000| Untracked 
|  60|0x0000000712000000, 0x0000000712000000, 0x0000000712200000|  0%| F|  |TAMS 0x0000000712000000, 0x0000000712000000| Untracked 
|  61|0x0000000712200000, 0x0000000712200000, 0x0000000712400000|  0%| F|  |TAMS 0x0000000712200000, 0x0000000712200000| Untracked 
|  62|0x0000000712400000, 0x0000000712400000, 0x0000000712600000|  0%| F|  |TAMS 0x0000000712400000, 0x0000000712400000| Untracked 
|  63|0x0000000712600000, 0x0000000712600000, 0x0000000712800000|  0%| F|  |TAMS 0x0000000712600000, 0x0000000712600000| Untracked 
|  64|0x0000000712800000, 0x0000000712800000, 0x0000000712a00000|  0%| F|  |TAMS 0x0000000712800000, 0x0000000712800000| Untracked 
|  65|0x0000000712a00000, 0x0000000712a00000, 0x0000000712c00000|  0%| F|  |TAMS 0x0000000712a00000, 0x0000000712a00000| Untracked 
|  66|0x0000000712c00000, 0x0000000712c00000, 0x0000000712e00000|  0%| F|  |TAMS 0x0000000712c00000, 0x0000000712c00000| Untracked 
|  67|0x0000000712e00000, 0x0000000712e00000, 0x0000000713000000|  0%| F|  |TAMS 0x0000000712e00000, 0x0000000712e00000| Untracked 
|  68|0x0000000713000000, 0x0000000713000000, 0x0000000713200000|  0%| F|  |TAMS 0x0000000713000000, 0x0000000713000000| Untracked 
|  69|0x0000000713200000, 0x0000000713200000, 0x0000000713400000|  0%| F|  |TAMS 0x0000000713200000, 0x0000000713200000| Untracked 
|  70|0x0000000713400000, 0x0000000713400000, 0x0000000713600000|  0%| F|  |TAMS 0x0000000713400000, 0x0000000713400000| Untracked 
|  71|0x0000000713600000, 0x0000000713600000, 0x0000000713800000|  0%| F|  |TAMS 0x0000000713600000, 0x0000000713600000| Untracked 
|  72|0x0000000713800000, 0x0000000713800000, 0x0000000713a00000|  0%| F|  |TAMS 0x0000000713800000, 0x0000000713800000| Untracked 
|  73|0x0000000713a00000, 0x0000000713a00000, 0x0000000713c00000|  0%| F|  |TAMS 0x0000000713a00000, 0x0000000713a00000| Untracked 
|  74|0x0000000713c00000, 0x0000000713c00000, 0x0000000713e00000|  0%| F|  |TAMS 0x0000000713c00000, 0x0000000713c00000| Untracked 
|  75|0x0000000713e00000, 0x0000000713e00000, 0x0000000714000000|  0%| F|  |TAMS 0x0000000713e00000, 0x0000000713e00000| Untracked 
|  76|0x0000000714000000, 0x0000000714000000, 0x0000000714200000|  0%| F|  |TAMS 0x0000000714000000, 0x0000000714000000| Untracked 
|  77|0x0000000714200000, 0x0000000714200000, 0x0000000714400000|  0%| F|  |TAMS 0x0000000714200000, 0x0000000714200000| Untracked 
|  78|0x0000000714400000, 0x0000000714400000, 0x0000000714600000|  0%| F|  |TAMS 0x0000000714400000, 0x0000000714400000| Untracked 
|  79|0x0000000714600000, 0x0000000714600000, 0x0000000714800000|  0%| F|  |TAMS 0x0000000714600000, 0x0000000714600000| Untracked 
|  80|0x0000000714800000, 0x0000000714800000, 0x0000000714a00000|  0%| F|  |TAMS 0x0000000714800000, 0x0000000714800000| Untracked 
|  81|0x0000000714a00000, 0x0000000714a00000, 0x0000000714c00000|  0%| F|  |TAMS 0x0000000714a00000, 0x0000000714a00000| Untracked 
|  82|0x0000000714c00000, 0x0000000714c00000, 0x0000000714e00000|  0%| F|  |TAMS 0x0000000714c00000, 0x0000000714c00000| Untracked 
|  83|0x0000000714e00000, 0x0000000714e00000, 0x0000000715000000|  0%| F|  |TAMS 0x0000000714e00000, 0x0000000714e00000| Untracked 
|  84|0x0000000715000000, 0x0000000715000000, 0x0000000715200000|  0%| F|  |TAMS 0x0000000715000000, 0x0000000715000000| Untracked 
|  85|0x0000000715200000, 0x0000000715200000, 0x0000000715400000|  0%| F|  |TAMS 0x0000000715200000, 0x0000000715200000| Untracked 
|  86|0x0000000715400000, 0x0000000715400000, 0x0000000715600000|  0%| F|  |TAMS 0x0000000715400000, 0x0000000715400000| Untracked 
|  87|0x0000000715600000, 0x0000000715600000, 0x0000000715800000|  0%| F|  |TAMS 0x0000000715600000, 0x0000000715600000| Untracked 
|  88|0x0000000715800000, 0x0000000715800000, 0x0000000715a00000|  0%| F|  |TAMS 0x0000000715800000, 0x0000000715800000| Untracked 
|  89|0x0000000715a00000, 0x0000000715a00000, 0x0000000715c00000|  0%| F|  |TAMS 0x0000000715a00000, 0x0000000715a00000| Untracked 
|  90|0x0000000715c00000, 0x0000000715c00000, 0x0000000715e00000|  0%| F|  |TAMS 0x0000000715c00000, 0x0000000715c00000| Untracked 
|  91|0x0000000715e00000, 0x0000000715e00000, 0x0000000716000000|  0%| F|  |TAMS 0x0000000715e00000, 0x0000000715e00000| Untracked 
|  92|0x0000000716000000, 0x0000000716000000, 0x0000000716200000|  0%| F|  |TAMS 0x0000000716000000, 0x0000000716000000| Untracked 
|  93|0x0000000716200000, 0x0000000716200000, 0x0000000716400000|  0%| F|  |TAMS 0x0000000716200000, 0x0000000716200000| Untracked 
|  94|0x0000000716400000, 0x0000000716400000, 0x0000000716600000|  0%| F|  |TAMS 0x0000000716400000, 0x0000000716400000| Untracked 
|  95|0x0000000716600000, 0x0000000716600000, 0x0000000716800000|  0%| F|  |TAMS 0x0000000716600000, 0x0000000716600000| Untracked 
|  96|0x0000000716800000, 0x0000000716800000, 0x0000000716a00000|  0%| F|  |TAMS 0x0000000716800000, 0x0000000716800000| Untracked 
|  97|0x0000000716a00000, 0x0000000716a00000, 0x0000000716c00000|  0%| F|  |TAMS 0x0000000716a00000, 0x0000000716a00000| Untracked 
|  98|0x0000000716c00000, 0x0000000716c00000, 0x0000000716e00000|  0%| F|  |TAMS 0x0000000716c00000, 0x0000000716c00000| Untracked 
|  99|0x0000000716e00000, 0x0000000716e00000, 0x0000000717000000|  0%| F|  |TAMS 0x0000000716e00000, 0x0000000716e00000| Untracked 
| 100|0x0000000717000000, 0x0000000717000000, 0x0000000717200000|  0%| F|  |TAMS 0x0000000717000000, 0x0000000717000000| Untracked 
| 101|0x0000000717200000, 0x0000000717200000, 0x0000000717400000|  0%| F|  |TAMS 0x0000000717200000, 0x0000000717200000| Untracked 
| 102|0x0000000717400000, 0x0000000717400000, 0x0000000717600000|  0%| F|  |TAMS 0x0000000717400000, 0x0000000717400000| Untracked 
| 103|0x0000000717600000, 0x0000000717600000, 0x0000000717800000|  0%| F|  |TAMS 0x0000000717600000, 0x0000000717600000| Untracked 
| 104|0x0000000717800000, 0x0000000717800000, 0x0000000717a00000|  0%| F|  |TAMS 0x0000000717800000, 0x0000000717800000| Untracked 
| 105|0x0000000717a00000, 0x0000000717a00000, 0x0000000717c00000|  0%| F|  |TAMS 0x0000000717a00000, 0x0000000717a00000| Untracked 
| 106|0x0000000717c00000, 0x0000000717c00000, 0x0000000717e00000|  0%| F|  |TAMS 0x0000000717c00000, 0x0000000717c00000| Untracked 
| 107|0x0000000717e00000, 0x0000000717e00000, 0x0000000718000000|  0%| F|  |TAMS 0x0000000717e00000, 0x0000000717e00000| Untracked 
| 108|0x0000000718000000, 0x0000000718000000, 0x0000000718200000|  0%| F|  |TAMS 0x0000000718000000, 0x0000000718000000| Untracked 
| 109|0x0000000718200000, 0x0000000718200000, 0x0000000718400000|  0%| F|  |TAMS 0x0000000718200000, 0x0000000718200000| Untracked 
| 110|0x0000000718400000, 0x0000000718400000, 0x0000000718600000|  0%| F|  |TAMS 0x0000000718400000, 0x0000000718400000| Untracked 
| 111|0x0000000718600000, 0x0000000718600000, 0x0000000718800000|  0%| F|  |TAMS 0x0000000718600000, 0x0000000718600000| Untracked 
| 112|0x0000000718800000, 0x0000000718800000, 0x0000000718a00000|  0%| F|  |TAMS 0x0000000718800000, 0x0000000718800000| Untracked 
| 113|0x0000000718a00000, 0x0000000718bec6d0, 0x0000000718c00000| 96%| E|  |TAMS 0x0000000718a00000, 0x0000000718a00000| Complete 
| 114|0x0000000718c00000, 0x0000000718e00000, 0x0000000718e00000|100%| E|CS|TAMS 0x0000000718c00000, 0x0000000718c00000| Complete 
| 115|0x0000000718e00000, 0x0000000719000000, 0x0000000719000000|100%| E|CS|TAMS 0x0000000718e00000, 0x0000000718e00000| Complete 
| 116|0x0000000719000000, 0x0000000719200000, 0x0000000719200000|100%| E|CS|TAMS 0x0000000719000000, 0x0000000719000000| Complete 
| 117|0x0000000719200000, 0x0000000719400000, 0x0000000719400000|100%| E|CS|TAMS 0x0000000719200000, 0x0000000719200000| Complete 
| 118|0x0000000719400000, 0x0000000719600000, 0x0000000719600000|100%| E|CS|TAMS 0x0000000719400000, 0x0000000719400000| Complete 
| 119|0x0000000719600000, 0x0000000719800000, 0x0000000719800000|100%| E|CS|TAMS 0x0000000719600000, 0x0000000719600000| Complete 
| 120|0x0000000719800000, 0x0000000719a00000, 0x0000000719a00000|100%| E|CS|TAMS 0x0000000719800000, 0x0000000719800000| Complete 
| 121|0x0000000719a00000, 0x0000000719c00000, 0x0000000719c00000|100%| E|CS|TAMS 0x0000000719a00000, 0x0000000719a00000| Complete 
| 122|0x0000000719c00000, 0x0000000719e00000, 0x0000000719e00000|100%| E|CS|TAMS 0x0000000719c00000, 0x0000000719c00000| Complete 

Card table byte_map: [0x0000027826170000,0x0000027826920000] _byte_map_base: 0x000002782291c000

Marking Bits (Prev, Next): (CMBitMap*) 0x000002780e57e920, (CMBitMap*) 0x000002780e57e960
 Prev Bits: [0x00000278270d0000, 0x000002782ae30000)
 Next Bits: [0x000002782ae30000, 0x000002782eb90000)

Polling page: 0x000002780c2c0000

Metaspace:

Usage:
  Non-class:      6.41 MB used.
      Class:    721.96 KB used.
       Both:      7.11 MB used.

Virtual space:
  Non-class space:       64.00 MB reserved,       6.50 MB ( 10%) committed,  1 nodes.
      Class space:        1.00 GB reserved,     832.00 KB ( <1%) committed,  1 nodes.
             Both:        1.06 GB reserved,       7.31 MB ( <1%) committed. 

Chunk freelists:
   Non-Class:  544.00 KB
       Class:  3.08 MB
        Both:  3.61 MB

MaxMetaspaceSize: unlimited
CompressedClassSpaceSize: 1.00 GB
Initial GC threshold: 21.00 MB
Current GC threshold: 21.00 MB
CDS: on
MetaspaceReclaimPolicy: balanced
 - commit_granule_bytes: 65536.
 - commit_granule_words: 8192.
 - virtual_space_node_default_size: 8388608.
 - enlarge_chunks_in_place: 1.
 - new_chunks_are_fully_committed: 0.
 - uncommit_free_chunks: 1.
 - use_allocation_guard: 0.


Internal statistics:

num_allocs_failed_limit: 0.
num_arena_births: 152.
num_arena_deaths: 0.
num_vsnodes_births: 2.
num_vsnodes_deaths: 0.
num_space_committed: 117.
num_space_uncommitted: 0.
num_chunks_returned_to_freelist: 0.
num_chunks_taken_from_freelist: 233.
num_chunk_merges: 0.
num_chunk_splits: 163.
num_chunks_enlarged: 111.
num_inconsistent_stats: 0.

CodeHeap 'non-profiled nmethods': size=120000Kb used=325Kb max_used=325Kb free=119674Kb
 bounds [0x000002781df40000, 0x000002781e1b0000, 0x0000027825470000]
CodeHeap 'profiled nmethods': size=120000Kb used=1559Kb max_used=1559Kb free=118440Kb
 bounds [0x0000027816470000, 0x00000278166e0000, 0x000002781d9a0000]
CodeHeap 'non-nmethods': size=5760Kb used=1340Kb max_used=1362Kb free=4419Kb
 bounds [0x000002781d9a0000, 0x000002781dc10000, 0x000002781df40000]
 total_blobs=1554 nmethods=974 adapters=491
 compilation: enabled
              stopped_count=0, restarted_count=0
 full_count=0

Compilation events (20 events):
Event: 0.877 Thread 0x000002783180c860  965       3       java.util.zip.ZipUtils::CENSIZ (9 bytes)
Event: 0.877 Thread 0x000002783180c860 nmethod 965 0x00000278165f2390 code [0x00000278165f2540, 0x00000278165f2818]
Event: 0.877 Thread 0x000002783180c860  966       1       java.nio.HeapByteBuffer::isDirect (2 bytes)
Event: 0.877 Thread 0x000002783180c860 nmethod 966 0x000002781df8eb90 code [0x000002781df8ed20, 0x000002781df8edf8]
Event: 0.881 Thread 0x000002783180c860  967       1       java.lang.Integer::intValue (5 bytes)
Event: 0.881 Thread 0x000002783180c860 nmethod 967 0x000002781df8ee90 code [0x000002781df8f020, 0x000002781df8f0d8]
Event: 0.881 Thread 0x000002783180c860  968       3       jdk.internal.loader.ClassLoaders$AppClassLoader::loadClass (40 bytes)
Event: 0.881 Thread 0x0000027831802da0 nmethod 964 0x000002781df8f190 code [0x000002781df8f320, 0x000002781df8f518]
Event: 0.881 Thread 0x000002783180c860 nmethod 968 0x00000278165f2990 code [0x00000278165f2b60, 0x00000278165f2f58]
Event: 0.884 Thread 0x000002783180c860  969       3       jdk.internal.module.SystemModuleFinders$SystemModuleReader::containsImageLocation (42 bytes)
Event: 0.885 Thread 0x000002783180c860 nmethod 969 0x00000278165f3110 code [0x00000278165f3320, 0x00000278165f39d8]
Event: 0.885 Thread 0x000002783180c860  970       3       jdk.internal.jimage.ImageReader::verifyLocation (14 bytes)
Event: 0.885 Thread 0x000002783180c860 nmethod 970 0x00000278165f3c90 code [0x00000278165f3e60, 0x00000278165f4198]
Event: 0.885 Thread 0x000002783180c860  972       3       java.lang.invoke.MethodType$ConcurrentWeakInternSet::get (47 bytes)
Event: 0.886 Thread 0x000002783180c860 nmethod 972 0x00000278165f4310 code [0x00000278165f4520, 0x00000278165f4d38]
Event: 0.886 Thread 0x000002783180c860  971       3       jdk.internal.jimage.BasicImageReader::verifyLocation (39 bytes)
Event: 0.886 Thread 0x000002783180c860 nmethod 971 0x00000278165f4f90 code [0x00000278165f5160, 0x00000278165f5448]
Event: 0.887 Thread 0x0000027837351790 nmethod 950 0x000002781df8f610 code [0x000002781df8f820, 0x000002781df907b0]
Event: 0.892 Thread 0x000002783180c860  973       3       java.lang.invoke.BoundMethodHandle::editor (8 bytes)
Event: 0.892 Thread 0x000002783180c860 nmethod 973 0x00000278165f5590 code [0x00000278165f5760, 0x00000278165f5b08]

GC Heap History (0 events):
No events

Dll operation events (8 events):
Event: 0.011 Loaded shared library C:\Program Files\Java\jdk-19\bin\java.dll
Event: 0.023 Loaded shared library C:\Program Files\Java\jdk-19\bin\jsvml.dll
Event: 0.104 Loaded shared library C:\Program Files\Java\jdk-19\bin\net.dll
Event: 0.106 Loaded shared library C:\Program Files\Java\jdk-19\bin\nio.dll
Event: 0.134 Loaded shared library C:\Program Files\Java\jdk-19\bin\zip.dll
Event: 0.151 Loaded shared library C:\Program Files\Java\jdk-19\bin\jimage.dll
Event: 0.174 Loaded shared library C:\Program Files\Java\jdk-19\bin\awt.dll
Event: 0.614 Loaded shared library C:\Program Files\Java\jdk-19\bin\javajpeg.dll

Deoptimization events (20 events):
Event: 0.723 Thread 0x000002780e50db10 Uncommon trap: trap_request=0xffffffde fr.pc=0x000002781df6c580 relative=0x00000000000002c0
Event: 0.723 Thread 0x000002780e50db10 Uncommon trap: reason=class_check action=maybe_recompile pc=0x000002781df6c580 method=java.util.regex.Pattern$BmpCharPropertyGreedy.match(Ljava/util/regex/Matcher;ILjava/lang/CharSequence;)Z @ 26 c2
Event: 0.723 Thread 0x000002780e50db10 DEOPT PACKING pc=0x000002781df6c580 sp=0x000000edfd3ff040
Event: 0.723 Thread 0x000002780e50db10 DEOPT UNPACKING pc=0x000002781da06da3 sp=0x000000edfd3feff8 mode 2
Event: 0.731 Thread 0x000002780e50db10 Uncommon trap: trap_request=0xffffffde fr.pc=0x000002781df6c580 relative=0x00000000000002c0
Event: 0.731 Thread 0x000002780e50db10 Uncommon trap: reason=class_check action=maybe_recompile pc=0x000002781df6c580 method=java.util.regex.Pattern$BmpCharPropertyGreedy.match(Ljava/util/regex/Matcher;ILjava/lang/CharSequence;)Z @ 26 c2
Event: 0.731 Thread 0x000002780e50db10 DEOPT PACKING pc=0x000002781df6c580 sp=0x000000edfd3fef50
Event: 0.731 Thread 0x000002780e50db10 DEOPT UNPACKING pc=0x000002781da06da3 sp=0x000000edfd3fef08 mode 2
Event: 0.731 Thread 0x000002780e50db10 Uncommon trap: trap_request=0xffffffde fr.pc=0x000002781df6c580 relative=0x00000000000002c0
Event: 0.731 Thread 0x000002780e50db10 Uncommon trap: reason=class_check action=maybe_recompile pc=0x000002781df6c580 method=java.util.regex.Pattern$BmpCharPropertyGreedy.match(Ljava/util/regex/Matcher;ILjava/lang/CharSequence;)Z @ 26 c2
Event: 0.731 Thread 0x000002780e50db10 DEOPT PACKING pc=0x000002781df6c580 sp=0x000000edfd3fef40
Event: 0.731 Thread 0x000002780e50db10 DEOPT UNPACKING pc=0x000002781da06da3 sp=0x000000edfd3feef8 mode 2
Event: 0.732 Thread 0x000002780e50db10 Uncommon trap: trap_request=0xffffffde fr.pc=0x000002781df6c580 relative=0x00000000000002c0
Event: 0.732 Thread 0x000002780e50db10 Uncommon trap: reason=class_check action=maybe_recompile pc=0x000002781df6c580 method=java.util.regex.Pattern$BmpCharPropertyGreedy.match(Ljava/util/regex/Matcher;ILjava/lang/CharSequence;)Z @ 26 c2
Event: 0.732 Thread 0x000002780e50db10 DEOPT PACKING pc=0x000002781df6c580 sp=0x000000edfd3fee20
Event: 0.732 Thread 0x000002780e50db10 DEOPT UNPACKING pc=0x000002781da06da3 sp=0x000000edfd3fedd8 mode 2
Event: 0.772 Thread 0x000002780e50db10 DEOPT PACKING pc=0x0000027816477651 sp=0x000000edfd3fe0a0
Event: 0.772 Thread 0x000002780e50db10 DEOPT UNPACKING pc=0x000002781da07543 sp=0x000000edfd3fd518 mode 0
Event: 0.877 Thread 0x000002780e50db10 DEOPT PACKING pc=0x00000278165c02d7 sp=0x000000edfd3fa920
Event: 0.877 Thread 0x000002780e50db10 DEOPT UNPACKING pc=0x000002781da07543 sp=0x000000edfd3f9db8 mode 0

Classes loaded (20 events):
Event: 0.894 Loading class java/net/SocketOptions
Event: 0.894 Loading class java/net/SocketOptions done
Event: 0.894 Loading class java/net/SocketImpl done
Event: 0.894 Loading class sun/nio/ch/NioSocketImpl
Event: 0.894 Loading class sun/net/PlatformSocketImpl
Event: 0.894 Loading class sun/net/PlatformSocketImpl done
Event: 0.895 Loading class sun/nio/ch/NioSocketImpl done
Event: 0.895 Loading class sun/nio/ch/SocketDispatcher
Event: 0.895 Loading class sun/nio/ch/NativeDispatcher
Event: 0.895 Loading class sun/nio/ch/NativeDispatcher done
Event: 0.895 Loading class sun/nio/ch/SocketDispatcher done
Event: 0.895 Loading class sun/nio/ch/IOUtil
Event: 0.895 Loading class sun/nio/ch/IOUtil done
Event: 0.896 Loading class java/net/SocksSocketImpl
Event: 0.896 Loading class java/net/SocksConsts
Event: 0.896 Loading class java/net/SocksConsts done
Event: 0.896 Loading class java/net/DelegatingSocketImpl
Event: 0.897 Loading class java/net/DelegatingSocketImpl done
Event: 0.897 Loading class java/net/SocksSocketImpl done
Event: 0.897 Loading class sun/nio/ch/Net

Classes unloaded (0 events):
No events

Classes redefined (0 events):
No events

Internal exceptions (20 events):
Event: 0.108 Thread 0x000002780e50db10 Exception <a 'sun/nio/fs/WindowsException'{0x0000000719d9c9b0}> (0x0000000719d9c9b0) 
thrown [s\open\src\hotspot\share\prims\jni.cpp, line 517]
Event: 0.109 Thread 0x000002780e50db10 Exception <a 'sun/nio/fs/WindowsException'{0x0000000719d9cf60}> (0x0000000719d9cf60) 
thrown [s\open\src\hotspot\share\prims\jni.cpp, line 517]
Event: 0.111 Thread 0x000002780e50db10 Exception <a 'sun/nio/fs/WindowsException'{0x0000000719d9f540}> (0x0000000719d9f540) 
thrown [s\open\src\hotspot\share\prims\jni.cpp, line 517]
Event: 0.111 Thread 0x000002780e50db10 Exception <a 'sun/nio/fs/WindowsException'{0x0000000719da00b0}> (0x0000000719da00b0) 
thrown [s\open\src\hotspot\share\prims\jni.cpp, line 517]
Event: 0.111 Thread 0x000002780e50db10 Exception <a 'sun/nio/fs/WindowsException'{0x0000000719da0c28}> (0x0000000719da0c28) 
thrown [s\open\src\hotspot\share\prims\jni.cpp, line 517]
Event: 0.112 Thread 0x000002780e50db10 Exception <a 'sun/nio/fs/WindowsException'{0x0000000719da17a0}> (0x0000000719da17a0) 
thrown [s\open\src\hotspot\share\prims\jni.cpp, line 517]
Event: 0.160 Thread 0x000002780e50db10 Exception <a 'java/lang/ClassNotFoundException'{0x0000000719b14a78}: sun/awt/resources/spi/awtProvider> (0x0000000719b14a78) 
thrown [s\open\src\hotspot\share\classfile\systemDictionary.cpp, line 255]
Event: 0.193 Thread 0x000002780e50db10 Exception <a 'java/io/FileNotFoundException'{0x0000000719b6c760}> (0x0000000719b6c760) 
thrown [s\open\src\hotspot\share\prims\jni.cpp, line 517]
Event: 0.203 Thread 0x000002780e50db10 Exception <a 'java/io/FileNotFoundException'{0x0000000719b98c58}> (0x0000000719b98c58) 
thrown [s\open\src\hotspot\share\prims\jni.cpp, line 517]
Event: 0.254 Thread 0x000002780e50db10 Exception <a 'java/lang/NoSuchMethodError'{0x0000000719bdd8a8}: 'java.lang.Object java.lang.invoke.DirectMethodHandle$Holder.invokeStaticInit(java.lang.Object)'> (0x0000000719bdd8a8) 
thrown [s\open\src\hotspot\share\interpreter\linkResolver.cpp, line 774]
Event: 0.452 Thread 0x000002780e50db10 Exception <a 'java/lang/NoSuchMethodError'{0x0000000719914dd8}: 'void java.lang.invoke.DirectMethodHandle$Holder.invokeSpecial(java.lang.Object, java.lang.Object, java.lang.Object)'> (0x0000000719914dd8) 
thrown [s\open\src\hotspot\share\interpreter\linkResolver.cpp, line 774]
Event: 0.465 Thread 0x000002780e50db10 Exception <a 'java/lang/NoSuchMethodError'{0x000000071993f958}: 'java.lang.Object java.lang.invoke.DirectMethodHandle$Holder.newInvokeSpecial(java.lang.Object, java.lang.Object, java.lang.Object, java.lang.Object, java.lang.Object)'> (0x000000071993f958) 
thrown [s\open\src\hotspot\share\interpreter\linkResolver.cpp, line 774]
Event: 0.474 Thread 0x000002780e50db10 Exception <a 'java/lang/NoSuchMethodError'{0x0000000719971298}: 'java.lang.Object java.lang.invoke.DirectMethodHandle$Holder.invokeStatic(java.lang.Object, int, java.lang.Object)'> (0x0000000719971298) 
thrown [s\open\src\hotspot\share\interpreter\linkResolver.cpp, line 774]
Event: 0.507 Thread 0x000002780e50db10 Exception <a 'java/lang/ClassNotFoundException'{0x000000071962cbc8}: com/sun/swing/internal/plaf/metal/resources/spi/metalProvider> (0x000000071962cbc8) 
thrown [s\open\src\hotspot\share\classfile\systemDictionary.cpp, line 255]
Event: 0.508 Thread 0x000002780e50db10 Exception <a 'java/lang/ClassNotFoundException'{0x0000000719630b98}: com/sun/swing/internal/plaf/basic/resources/spi/basicProvider> (0x0000000719630b98) 
thrown [s\open\src\hotspot\share\classfile\systemDictionary.cpp, line 255]
Event: 0.519 Thread 0x000002780e50db10 Exception <a 'java/lang/NoSuchMethodError'{0x0000000719650928}: 'int java.lang.invoke.Invokers$Holder.invokeExact_MT(java.lang.Object, java.lang.Object)'> (0x0000000719650928) 
thrown [s\open\src\hotspot\share\interpreter\linkResolver.cpp, line 774]
Event: 0.616 Thread 0x000002783730ec90 Exception <a 'java/lang/NoSuchMethodError'{0x0000000719407ee0}: 'java.lang.Object java.lang.invoke.DirectMethodHandle$Holder.newInvokeSpecial(java.lang.Object, java.lang.Object, java.lang.Object, int, int, int, int, int)'> (0x0000000719407ee0) 
thrown [s\open\src\hotspot\share\interpreter\linkResolver.cpp, line 774]
Event: 0.738 Thread 0x000002780e50db10 Exception <a 'java/lang/NoSuchMethodError'{0x0000000718c46250}: 'java.lang.Object java.lang.invoke.DirectMethodHandle$Holder.invokeInterface(java.lang.Object, java.lang.Object)'> (0x0000000718c46250) 
thrown [s\open\src\hotspot\share\interpreter\linkResolver.cpp, line 774]
Event: 0.775 Thread 0x000002780e50db10 Exception <a 'java/lang/NoSuchMethodError'{0x0000000718cbe660}: 'void java.lang.invoke.DirectMethodHandle$Holder.invokeStatic(java.lang.Object, java.lang.Object, java.lang.Object)'> (0x0000000718cbe660) 
thrown [s\open\src\hotspot\share\interpreter\linkResolver.cpp, line 774]
Event: 0.778 Thread 0x000002780e50db10 Exception <a 'java/lang/NoSuchMethodError'{0x0000000718cc8448}: 'java.lang.Object java.lang.invoke.DirectMethodHandle$Holder.invokeVirtual(java.lang.Object, java.lang.Object, java.lang.Object)'> (0x0000000718cc8448) 
thrown [s\open\src\hotspot\share\interpreter\linkResolver.cpp, line 774]

VM Operations (14 events):
Event: 0.113 Executing VM operation: HandshakeAllThreads
Event: 0.113 Executing VM operation: HandshakeAllThreads done
Event: 0.212 Executing VM operation: HandshakeAllThreads
Event: 0.212 Executing VM operation: HandshakeAllThreads done
Event: 0.590 Executing VM operation: HandshakeAllThreads
Event: 0.590 Executing VM operation: HandshakeAllThreads done
Event: 0.649 Executing VM operation: HandshakeAllThreads
Event: 0.649 Executing VM operation: HandshakeAllThreads done
Event: 0.685 Executing VM operation: HandshakeAllThreads
Event: 0.685 Executing VM operation: HandshakeAllThreads done
Event: 0.717 Executing VM operation: HandshakeAllThreads
Event: 0.717 Executing VM operation: HandshakeAllThreads done
Event: 0.882 Executing VM operation: HandshakeAllThreads
Event: 0.882 Executing VM operation: HandshakeAllThreads done

Events (20 events):
Event: 0.023 Thread 0x000002780e50db10 Thread added: 0x000002780e50db10
Event: 0.047 Thread 0x00000278317e89d0 Thread added: 0x00000278317e89d0
Event: 0.047 Thread 0x00000278317e9460 Thread added: 0x00000278317e9460
Event: 0.048 Thread 0x00000278317ec0e0 Thread added: 0x00000278317ec0e0
Event: 0.048 Thread 0x00000278317eca10 Thread added: 0x00000278317eca10
Event: 0.048 Thread 0x00000278317ed4e0 Thread added: 0x00000278317ed4e0
Event: 0.048 Thread 0x00000278317f5360 Thread added: 0x00000278317f5360
Event: 0.049 Thread 0x0000027831802da0 Thread added: 0x0000027831802da0
Event: 0.049 Thread 0x000002783180c860 Thread added: 0x000002783180c860
Event: 0.049 Thread 0x000002783180cde0 Thread added: 0x000002783180cde0
Event: 0.086 Thread 0x00000278317c17f0 Thread added: 0x00000278317c17f0
Event: 0.126 Thread 0x0000027835d80920 Thread added: 0x0000027835d80920
Event: 0.132 Thread 0x0000027835d9b840 Thread added: 0x0000027835d9b840
Event: 0.256 Thread 0x0000027835ed87b0 Thread added: 0x0000027835ed87b0
Event: 0.257 Thread 0x0000027835ed9100 Thread added: 0x0000027835ed9100
Event: 0.259 Thread 0x0000027835f52ae0 Thread added: 0x0000027835f52ae0
Event: 0.333 Thread 0x0000027835d9b840 Thread exited: 0x0000027835d9b840
Event: 0.528 Thread 0x000002783730ec90 Thread added: 0x000002783730ec90
Event: 0.590 Thread 0x0000027837351790 Thread added: 0x0000027837351790
Event: 0.701 Thread 0x000002783737f6e0 Thread added: 0x000002783737f6e0


Dynamic libraries:
0x00007ff74ff40000 - 0x00007ff74ff50000 	C:\Program Files\Java\jdk-19\bin\java.exe
0x00007ffbedbd0000 - 0x00007ffbedde7000 	C:\Windows\SYSTEM32\ntdll.dll
0x00007ffbec580000 - 0x00007ffbec644000 	C:\Windows\System32\KERNEL32.DLL
0x00007ffbeb180000 - 0x00007ffbeb52d000 	C:\Windows\System32\KERNELBASE.dll
0x00007ffbeaef0000 - 0x00007ffbeb001000 	C:\Windows\System32\ucrtbase.dll
0x00007ffbcbd70000 - 0x00007ffbcbd88000 	C:\Program Files\Java\jdk-19\bin\jli.dll
0x00007ffbeccf0000 - 0x00007ffbecda2000 	C:\Windows\System32\ADVAPI32.dll
0x00007ffbddb90000 - 0x00007ffbddbab000 	C:\Program Files\Java\jdk-19\bin\VCRUNTIME140.dll
0x00007ffbec650000 - 0x00007ffbec6f7000 	C:\Windows\System32\msvcrt.dll
0x00007ffbed9d0000 - 0x00007ffbeda79000 	C:\Windows\System32\sechost.dll
0x00007ffbeb860000 - 0x00007ffbeb888000 	C:\Windows\System32\bcrypt.dll
0x00007ffbec820000 - 0x00007ffbec934000 	C:\Windows\System32\RPCRT4.dll
0x00007ffbec9e0000 - 0x00007ffbecb8e000 	C:\Windows\System32\USER32.dll
0x00007ffbcfbe0000 - 0x00007ffbcfe73000 	C:\Windows\WinSxS\amd64_microsoft.windows.common-controls_6595b64144ccf1df_6.0.22621.3672_none_2713b9d173822955\COMCTL32.dll
0x00007ffbeb530000 - 0x00007ffbeb556000 	C:\Windows\System32\win32u.dll
0x00007ffbeda80000 - 0x00007ffbedaa9000 	C:\Windows\System32\GDI32.dll
0x00007ffbeb6c0000 - 0x00007ffbeb7d9000 	C:\Windows\System32\gdi32full.dll
0x00007ffbeb560000 - 0x00007ffbeb5fa000 	C:\Windows\System32\msvcp_win.dll
0x00007ffbe15e0000 - 0x00007ffbe15ea000 	C:\Windows\SYSTEM32\VERSION.dll
0x00007ffbed6d0000 - 0x00007ffbed701000 	C:\Windows\System32\IMM32.DLL
0x00007ffbd9ed0000 - 0x00007ffbd9edc000 	C:\Program Files\Java\jdk-19\bin\vcruntime140_1.dll
0x00007ffbc7ce0000 - 0x00007ffbc7d6e000 	C:\Program Files\Java\jdk-19\bin\msvcp140.dll
0x00007ffb6e980000 - 0x00007ffb6f640000 	C:\Program Files\Java\jdk-19\bin\server\jvm.dll
0x00007ffbe8270000 - 0x00007ffbe82a4000 	C:\Windows\SYSTEM32\WINMM.dll
0x00007ffbddd60000 - 0x00007ffbddd69000 	C:\Windows\SYSTEM32\WSOCK32.dll
0x00007ffbebb40000 - 0x00007ffbebbb1000 	C:\Windows\System32\WS2_32.dll
0x00007ffbea030000 - 0x00007ffbea048000 	C:\Windows\SYSTEM32\kernel.appcore.dll
0x00007ffbd9ec0000 - 0x00007ffbd9eca000 	C:\Program Files\Java\jdk-19\bin\jimage.dll
0x00007ffbe88b0000 - 0x00007ffbe8ae2000 	C:\Windows\SYSTEM32\DBGHELP.DLL
0x00007ffbece60000 - 0x00007ffbed1ee000 	C:\Windows\System32\combase.dll
0x00007ffbec4a0000 - 0x00007ffbec577000 	C:\Windows\System32\OLEAUT32.dll
0x00007ffbde2b0000 - 0x00007ffbde2e2000 	C:\Windows\SYSTEM32\dbgcore.DLL
0x00007ffbeb7e0000 - 0x00007ffbeb85b000 	C:\Windows\System32\bcryptPrimitives.dll
0x00007ffbccd30000 - 0x00007ffbccd56000 	C:\Program Files\Java\jdk-19\bin\java.dll
0x00007ffbc60d0000 - 0x00007ffbc61a7000 	C:\Program Files\Java\jdk-19\bin\jsvml.dll
0x00007ffbebc30000 - 0x00007ffbec497000 	C:\Windows\System32\SHELL32.dll
0x00007ffbe8e30000 - 0x00007ffbe972f000 	C:\Windows\SYSTEM32\windows.storage.dll
0x00007ffbe8cf0000 - 0x00007ffbe8e2f000 	C:\Windows\SYSTEM32\wintypes.dll
0x00007ffbed710000 - 0x00007ffbed809000 	C:\Windows\System32\SHCORE.dll
0x00007ffbebbd0000 - 0x00007ffbebc2e000 	C:\Windows\System32\shlwapi.dll
0x00007ffbeae20000 - 0x00007ffbeae47000 	C:\Windows\SYSTEM32\profapi.dll
0x00007ffbd9e80000 - 0x00007ffbd9e93000 	C:\Program Files\Java\jdk-19\bin\net.dll
0x00007ffbe59c0000 - 0x00007ffbe5af6000 	C:\Windows\SYSTEM32\WINHTTP.dll
0x00007ffbea4a0000 - 0x00007ffbea509000 	C:\Windows\system32\mswsock.dll
0x00007ffbce910000 - 0x00007ffbce926000 	C:\Program Files\Java\jdk-19\bin\nio.dll
0x00007ffbcc9c0000 - 0x00007ffbcc9d8000 	C:\Program Files\Java\jdk-19\bin\zip.dll
0x00007ffb7b350000 - 0x00007ffb7b4e1000 	C:\Program Files\Java\jdk-19\bin\awt.dll
0x00007ffbe2ed0000 - 0x00007ffbe2f67000 	C:\Windows\SYSTEM32\apphelp.dll
0x00007ffbe7000000 - 0x00007ffbe702b000 	C:\Windows\system32\DWMAPI.DLL
0x00007ffbe6e70000 - 0x00007ffbe6f21000 	C:\Windows\system32\uxtheme.dll
0x00007ffb9b0a0000 - 0x00007ffb9b1a0000 	C:\Windows\system32\opengl32.dll
0x00007ffb9abb0000 - 0x00007ffb9abdd000 	C:\Windows\SYSTEM32\GLU32.dll
0x00007ffbe8310000 - 0x00007ffbe8347000 	C:\Windows\SYSTEM32\dxcore.dll
0x00007ffba8780000 - 0x00007ffba88b3000 	C:\ProgramData\A-Volute\A-Volute.Nahimic\Modules\Scheduled\x64\AudioDevProps2.dll
0x00007ffbed820000 - 0x00007ffbed9c5000 	C:\Windows\System32\ole32.dll
0x00007ffbecb90000 - 0x00007ffbeccee000 	C:\Windows\System32\MSCTF.dll
0x00007ffbbad10000 - 0x00007ffbbaeb8000 	C:\Windows\system32\d3d9.dll
0x00007ffbde3b0000 - 0x00007ffbde56b000 	C:\Windows\System32\DriverStore\FileRepository\u0394332.inf_amd64_8283e0ed71f669bb\B393994\aticfx64.dll
0x00007ffbc3c10000 - 0x00007ffbc3c44000 	C:\Windows\System32\DriverStore\FileRepository\u0394332.inf_amd64_8283e0ed71f669bb\B393994\atiu9p64.dll
0x00007ffbb6fb0000 - 0x00007ffbb7d05000 	C:\Windows\System32\DriverStore\FileRepository\u0394332.inf_amd64_8283e0ed71f669bb\B393994\atiumd64.dll
0x000000005d4e0000 - 0x000000005e407000 	C:\Windows\System32\DriverStore\FileRepository\u0394332.inf_amd64_8283e0ed71f669bb\B393994\atiumd6a.dll
0x00007ffbed1f0000 - 0x00007ffbed664000 	C:\Windows\System32\SETUPAPI.dll
0x00007ffbe9d80000 - 0x00007ffbe9dcd000 	C:\Windows\SYSTEM32\POWRPROF.dll
0x00007ffbe9d60000 - 0x00007ffbe9d73000 	C:\Windows\SYSTEM32\UMPDC.dll
0x00007ffbddf80000 - 0x00007ffbddfb5000 	C:\Windows\SYSTEM32\amdihk64.dll
0x00007ffbe12f0000 - 0x00007ffbe1339000 	C:\Windows\SYSTEM32\directxdatabasehelper.dll
0x00007ffbcbcb0000 - 0x00007ffbcbcde000 	C:\Program Files\Java\jdk-19\bin\javajpeg.dll
0x00007ffbe9a70000 - 0x00007ffbe9b68000 	C:\Windows\SYSTEM32\DNSAPI.dll
0x00007ffbe9a00000 - 0x00007ffbe9a2d000 	C:\Windows\SYSTEM32\IPHLPAPI.DLL
0x00007ffbec9d0000 - 0x00007ffbec9d9000 	C:\Windows\System32\NSI.dll
0x00007ffbe5740000 - 0x00007ffbe574a000 	C:\Windows\System32\rasadhlp.dll
0x00007ffbe4940000 - 0x00007ffbe49c3000 	C:\Windows\System32\fwpuclnt.dll

dbghelp: loaded successfully - version: 4.0.5 - missing functions: none
symbol engine: initialized successfully - sym options: 0x614 - pdb path: .;C:\Program Files\Java\jdk-19\bin;C:\Windows\SYSTEM32;C:\Windows\WinSxS\amd64_microsoft.windows.common-controls_6595b64144ccf1df_6.0.22621.3672_none_2713b9d173822955;C:\Program Files\Java\jdk-19\bin\server;C:\ProgramData\A-Volute\A-Volute.Nahimic\Modules\Scheduled\x64;C:\Windows\System32\DriverStore\FileRepository\u0394332.inf_amd64_8283e0ed71f669bb\B393994

VM Arguments:
jvm_args: -Dfile.encoding=UTF-8 --module-path=C:\Users\adity\OneDrive\Documents\NetBeansProjects\bank management system\build\classes 
java_command: bank.management.system.BalanceEnquiry
java_class_path (initial): C:\Users\adity\Downloads\mysql-connector-java-8.0.28.jar;C:\Users\adity\Downloads\jcalendar-tz-1.3.3-4.jar;C:\Users\adity\OneDrive\Documents\NetBeansProjects\bank management system\build\classes
Launcher Type: SUN_STANDARD

[Global flags]
     intx CICompilerCount                          = 4                                         {product} {ergonomic}
     uint ConcGCThreads                            = 3                                         {product} {ergonomic}
     uint G1ConcRefinementThreads                  = 10                                        {product} {ergonomic}
   size_t G1HeapRegionSize                         = 2097152                                   {product} {ergonomic}
    uintx GCDrainStackTargetSize                   = 64                                        {product} {ergonomic}
   size_t InitialHeapSize                          = 257949696                                 {product} {ergonomic}
   size_t MarkStackSize                            = 4194304                                   {product} {ergonomic}
   size_t MaxHeapSize                              = 4118806528                                {product} {ergonomic}
   size_t MaxNewSize                               = 2470445056                                {product} {ergonomic}
   size_t MinHeapDeltaBytes                        = 2097152                                   {product} {ergonomic}
   size_t MinHeapSize                              = 8388608                                   {product} {ergonomic}
    uintx NonNMethodCodeHeapSize                   = 5839372                                {pd product} {ergonomic}
    uintx NonProfiledCodeHeapSize                  = 122909434                              {pd product} {ergonomic}
    uintx ProfiledCodeHeapSize                     = 122909434                              {pd product} {ergonomic}
    uintx ReservedCodeCacheSize                    = 251658240                              {pd product} {ergonomic}
     bool SegmentedCodeCache                       = true                                      {product} {ergonomic}
   size_t SoftMaxHeapSize                          = 4118806528                             {manageable} {ergonomic}
     bool UseCompressedClassPointers               = true                           {product lp64_product} {ergonomic}
     bool UseCompressedOops                        = true                           {product lp64_product} {ergonomic}
     bool UseG1GC                                  = true                                      {product} {ergonomic}
     bool UseLargePagesIndividualAllocation        = false                                  {pd product} {ergonomic}

Logging:
Log output configuration:
 #0: stdout all=warning uptime,level,tags foldmultilines=false
 #1: stderr all=off uptime,level,tags foldmultilines=false

Environment Variables:
JAVA_HOME=C:\Program Files\Java\jdk-19
PATH=C:\Program Files\Python312\Scripts\;C:\Program Files\Python312\;C:\app\adity\product\21c\dbhomeXE\bin;C:\Program Files\Python310\Scripts\;C:\Program Files\Python310\;C:\Program Files\Common Files\Oracle\Java\javapath;C:\Windows\system32;C:\Windows;C:\Windows\System32\Wbem;C:\Windows\System32\WindowsPowerShell\v1.0\;C:\Windows\System32\OpenSSH\;C:\MinGW\bin;C:\Program Files\Java\jdk-19\bin;C:\Program Files\Python312;C:\Program Files\MySQL\MySQL Shell 8.0\bin\;C:\Users\adity\AppData\Local\Microsoft\WindowsApps;C:\Users\adity\AppData\Local\Programs\Microsoft VS Code\bin;C:\Program Files\JetBrains\IntelliJ IDEA Community Edition 2022.3.2\bin;;C:\Program Files\JetBrains\PyCharm Community Edition 2023.2.1\bin;;C:\Program Files\Python312;
USERNAME=adity
OS=Windows_NT
PROCESSOR_IDENTIFIER=AMD64 Family 23 Model 104 Stepping 1, AuthenticAMD
TMP=C:\Users\adity\AppData\Local\Temp
TEMP=C:\Users\adity\AppData\Local\Temp



---------------  S Y S T E M  ---------------

OS:
 Windows 11 , 64 bit Build 22621 (10.0.22621.3958)
OS uptime: 12 days 6:15 hours
Hyper-V role detected

CPU: total 12 (initial active 12) (12 cores per cpu, 2 threads per core) family 23 model 104 stepping 1 microcode 0x0, cx8, cmov, fxsr, ht, mmx, 3dnowpref, sse, sse2, sse3, ssse3, sse4a, sse4.1, sse4.2, popcnt, lzcnt, tsc, tscinvbit, avx, avx2, aes, clmul, bmi1, bmi2, adx, sha, fma, vzeroupper, clflush, clflushopt, hv, rdtscp, rdpid

Memory: 4k page, system-wide physical 15706M (5863M free)
TotalPageFile size 31066M (AvailPageFile size 0M)
current process WorkingSet (physical memory assigned to process): 88M, peak: 88M
current process commit charge ("private bytes"): 368M, peak: 368M

vm_info: Java HotSpot(TM) 64-Bit Server VM (19.0.1+10-21) for windows-amd64 JRE (19.0.1+10-21), built on 2022-09-14T12:45:06Z by "mach5one" with MS VC++ 17.1 (VS2022)

END.
