#
# There is insufficient memory for the Java Runtime Environment to continue.
# Native memory allocation (malloc) failed to allocate 131088 bytes for Chunk::new
# Possible reasons:
#   The system is out of physical RAM or swap space
#   The process is running with CompressedOops enabled, and the Java Heap may be blocking the growth of the native heap
# Possible solutions:
#   Reduce memory load on the system
#   Increase physical memory or swap space
#   Check if swap backing store is full
#   Decrease Java heap size (-Xmx/-Xms)
#   Decrease number of Java threads
#   Decrease Java thread stack sizes (-Xss)
#   Set larger code cache with -XX:ReservedCodeCacheSize=
#   JVM is running with Zero Based Compressed Oops mode in which the Java heap is
#     placed in the first 32GB address space. The Java Heap base address is the
#     maximum limit for the native heap growth. Please use -XX:HeapBaseMinAddress
#     to set the Java Heap base and to place the Java Heap above 32GB virtual address.
# This output file may be truncated or incomplete.
#
#  Out of Memory Error (arena.cpp:184), pid=21136, tid=9584
#
# JRE version: Java(TM) SE Runtime Environment (19.0.1+10) (build 19.0.1+10-21)
# Java VM: Java HotSpot(TM) 64-Bit Server VM (19.0.1+10-21, mixed mode, sharing, tiered, compressed oops, compressed class ptrs, g1 gc, windows-amd64)
# No core dump will be written. Minidumps are not enabled by default on client versions of Windows
#

---------------  S U M M A R Y ------------

Command Line: -Dfile.encoding=UTF-8 --module-path=C:\Users\adity\OneDrive\Documents\NetBeansProjects\bank management system\build\classes bank.management.system.BalanceEnquiry

Host: AMD Ryzen 5 5500U with Radeon Graphics         , 12 cores, 15G,  Windows 11 , 64 bit Build 22621 (10.0.22621.3958)
Time: Tue Sep 24 16:21:23 2024 India Standard Time elapsed time: 1.740829 seconds (0d 0h 0m 1s)

---------------  T H R E A D  ---------------

Current thread (0x0000022a7f1d3590):  JavaThread "C2 CompilerThread1" daemon [_thread_in_native, id=9584, stack(0x000000c0c0900000,0x000000c0c0a00000)]


Current CompileTask:
C2:   1740 1805   !   4       sun.font.TrueTypeFont::getTableBuffer (215 bytes)

Stack: [0x000000c0c0900000,0x000000c0c0a00000]
Native frames: (J=compiled Java code, j=interpreted, Vv=VM code, C=native code)
V  [jvm.dll+0x6ee8fa]
V  [jvm.dll+0x857a1e]
V  [jvm.dll+0x85940e]
V  [jvm.dll+0x859ac3]
V  [jvm.dll+0x28291f]
V  [jvm.dll+0xc9b5f]
V  [jvm.dll+0xc9ee5]
V  [jvm.dll+0xc9c84]
V  [jvm.dll+0x6ccd6c]
V  [jvm.dll+0x2534c9]
V  [jvm.dll+0x713c12]
V  [jvm.dll+0x24b393]
V  [jvm.dll+0x1d6d61]
V  [jvm.dll+0x25b0fa]
V  [jvm.dll+0x259588]
V  [jvm.dll+0x807928]
V  [jvm.dll+0x8015fa]
V  [jvm.dll+0x6ed5eb]
C  [ucrtbase.dll+0x29333]
C  [KERNEL32.DLL+0x1257d]
C  [ntdll.dll+0x5af28]


---------------  P R O C E S S  ---------------

Threads class SMR info:
_java_thread_list=0x0000022a070cbee0, length=19, elements={
0x0000022a7f1ada90, 0x0000022a7f1ae680, 0x0000022a7f1b3750, 0x0000022a7f1b4080,
0x0000022a7f1b49b0, 0x0000022a7f1b52e0, 0x0000022a7f1c7a10, 0x0000022a7f1d67a0,
0x0000022a7f1e0fd0, 0x0000022a7f184e60, 0x0000022a7f4d7ca0, 0x0000022a7f651ad0,
0x0000022a7f657300, 0x0000022a7f65c720, 0x0000022a06ad53b0, 0x0000022a06acb9e0,
0x0000022a7f1d3590, 0x0000022a06fbd010, 0x0000022a5bf2d3c0
}

Java Threads: ( => current thread )
  0x0000022a7f1ada90 JavaThread "Reference Handler" daemon [_thread_blocked, id=27024, stack(0x000000c0bf600000,0x000000c0bf700000)]
  0x0000022a7f1ae680 JavaThread "Finalizer" daemon [_thread_blocked, id=23352, stack(0x000000c0bf700000,0x000000c0bf800000)]
  0x0000022a7f1b3750 JavaThread "Signal Dispatcher" daemon [_thread_blocked, id=25552, stack(0x000000c0bf800000,0x000000c0bf900000)]
  0x0000022a7f1b4080 JavaThread "Attach Listener" daemon [_thread_blocked, id=22360, stack(0x000000c0bf900000,0x000000c0bfa00000)]
  0x0000022a7f1b49b0 JavaThread "Service Thread" daemon [_thread_blocked, id=19620, stack(0x000000c0bfa00000,0x000000c0bfb00000)]
  0x0000022a7f1b52e0 JavaThread "Monitor Deflation Thread" daemon [_thread_blocked, id=5624, stack(0x000000c0bfb00000,0x000000c0bfc00000)]
  0x0000022a7f1c7a10 JavaThread "C2 CompilerThread0" daemon [_thread_in_native, id=15220, stack(0x000000c0bfc00000,0x000000c0bfd00000)]
  0x0000022a7f1d67a0 JavaThread "C1 CompilerThread0" daemon [_thread_blocked, id=7860, stack(0x000000c0bfd00000,0x000000c0bfe00000)]
  0x0000022a7f1e0fd0 JavaThread "Sweeper thread" daemon [_thread_blocked, id=27240, stack(0x000000c0bfe00000,0x000000c0bff00000)]
  0x0000022a7f184e60 JavaThread "Common-Cleaner" daemon [_thread_blocked, id=1620, stack(0x000000c0bff00000,0x000000c0c0000000)]
  0x0000022a7f4d7ca0 JavaThread "Notification Thread" daemon [_thread_blocked, id=24104, stack(0x000000c0c0000000,0x000000c0c0100000)]
  0x0000022a7f651ad0 JavaThread "Java2D Disposer" daemon [_thread_blocked, id=27540, stack(0x000000c0c0200000,0x000000c0c0300000)]
  0x0000022a7f657300 JavaThread "AWT-Shutdown" [_thread_blocked, id=9352, stack(0x000000c0c0300000,0x000000c0c0400000)]
  0x0000022a7f65c720 JavaThread "AWT-Windows" daemon [_thread_in_native, id=12500, stack(0x000000c0c0400000,0x000000c0c0500000)]
  0x0000022a06ad53b0 JavaThread "Image Fetcher 0" daemon [_thread_blocked, id=14968, stack(0x000000c0c0700000,0x000000c0c0800000)]
  0x0000022a06acb9e0 JavaThread "mysql-cj-abandoned-connection-cleanup" daemon [_thread_blocked, id=6156, stack(0x000000c0c0800000,0x000000c0c0900000)]
=>0x0000022a7f1d3590 JavaThread "C2 CompilerThread1" daemon [_thread_in_native, id=9584, stack(0x000000c0c0900000,0x000000c0c0a00000)]
  0x0000022a06fbd010 JavaThread "AWT-EventQueue-0" [_thread_in_Java, id=5484, stack(0x000000c0c1300000,0x000000c0c1400000)]
  0x0000022a5bf2d3c0 JavaThread "DestroyJavaVM" [_thread_blocked, id=24704, stack(0x000000c0bef00000,0x000000c0bf000000)]

Other Threads:
  0x0000022a7f1962f0 VMThread "VM Thread" [stack: 0x000000c0bf500000,0x000000c0bf600000] [id=24680]
  0x0000022a7f5565d0 WatcherThread "VM Periodic Task Thread" [stack: 0x000000c0c0100000,0x000000c0c0200000] [id=26264]
  0x0000022a5bf9dcb0 WorkerThread "GC Thread#0" [stack: 0x000000c0bf000000,0x000000c0bf100000] [id=4760]
  0x0000022a7f196e30 WorkerThread "GC Thread#1" [stack: 0x000000c0c0a00000,0x000000c0c0b00000] [id=6056]
  0x0000022a7f197100 WorkerThread "GC Thread#2" [stack: 0x000000c0c0b00000,0x000000c0c0c00000] [id=27028]
  0x0000022a7f1973d0 WorkerThread "GC Thread#3" [stack: 0x000000c0c0c00000,0x000000c0c0d00000] [id=25236]
  0x0000022a7f1957b0 WorkerThread "GC Thread#4" [stack: 0x000000c0c0d00000,0x000000c0c0e00000] [id=21484]
  0x0000022a7f195a80 WorkerThread "GC Thread#5" [stack: 0x000000c0c0e00000,0x000000c0c0f00000] [id=13660]
  0x0000022a06f675f0 WorkerThread "GC Thread#6" [stack: 0x000000c0c0f00000,0x000000c0c1000000] [id=12804]
  0x0000022a06f68c70 WorkerThread "GC Thread#7" [stack: 0x000000c0c1000000,0x000000c0c1100000] [id=11812]
  0x0000022a06f66240 WorkerThread "GC Thread#8" [stack: 0x000000c0c1100000,0x000000c0c1200000] [id=25628]
  0x0000022a06f66510 WorkerThread "GC Thread#9" [stack: 0x000000c0c1200000,0x000000c0c1300000] [id=24176]
  0x0000022a5bfae090 ConcurrentGCThread "G1 Main Marker" [stack: 0x000000c0bf100000,0x000000c0bf200000] [id=5076]
  0x0000022a5bfaed00 WorkerThread "G1 Conc#0" [stack: 0x000000c0bf200000,0x000000c0bf300000] [id=3212]
  0x0000022a7f050bb0 ConcurrentGCThread "G1 Refine#0" [stack: 0x000000c0bf300000,0x000000c0bf400000] [id=21396]
  0x0000022a7f0515f0 ConcurrentGCThread "G1 Service" [stack: 0x000000c0bf400000,0x000000c0bf500000] [id=11424]

Threads with active compile tasks:
C2 CompilerThread0     1764 1821       4       java.lang.String::hashCode (60 bytes)
C2 CompilerThread1     1764 1805   !   4       sun.font.TrueTypeFont::getTableBuffer (215 bytes)

VM state: not at safepoint (normal execution)

VM Mutex/Monitor currently owned by a thread: None

Heap address: 0x000000070a800000, size: 3928 MB, Compressed Oops mode: Zero based, Oop shift amount: 3

CDS archive(s) mapped at: [0x0000000800000000-0x0000000800c40000-0x0000000800c40000), size 12845056, SharedBaseAddress: 0x0000000800000000, ArchiveRelocationMode: 0.
Compressed class space mapped at: 0x0000000801000000-0x0000000841000000, reserved size: 1073741824
Narrow klass base: 0x0000000800000000, Narrow klass shift: 0, Narrow klass range: 0x100000000

GC Precious Log:
 CardTable entry size: 512
 Card Set container configuration: InlinePtr #cards 4 size 8 Array Of Cards #cards 16 size 48 Howl #buckets 8 coarsen threshold 3686 Howl Bitmap #cards 512 size 80 coarsen threshold 460 Card regions per heap region 1 cards per card region 4096
 CPUs: 12 total, 12 available
 Memory: 15706M
 Large Page Support: Disabled
 NUMA Support: Disabled
 Compressed Oops: Enabled (Zero based)
 Heap Region Size: 2M
 Heap Min Capacity: 8M
 Heap Initial Capacity: 246M
 Heap Max Capacity: 3928M
 Pre-touch: Disabled
 Parallel Workers: 10
 Concurrent Workers: 3
 Concurrent Refinement Workers: 10
 Periodic GC: Disabled

Heap:
 garbage-first heap   total 251904K, used 30707K [0x000000070a800000, 0x0000000800000000)
  region size 2048K, 9 young (18432K), 2 survivors (4096K)
 Metaspace       used 15397K, committed 15680K, reserved 1114112K
  class space    used 1638K, committed 1792K, reserved 1048576K

Heap Regions: E=young(eden), S=young(survivor), O=old, HS=humongous(starts), HC=humongous(continues), CS=collection set, F=free, OA=open archive, CA=closed archive, TAMS=top-at-mark-start (previous, next)
|   0|0x000000070a800000, 0x000000070aa00000, 0x000000070aa00000|100%|HS|  |TAMS 0x000000070a800000, 0x000000070a800000| Complete 
|   1|0x000000070aa00000, 0x000000070ac00000, 0x000000070ac00000|100%|HC|  |TAMS 0x000000070aa00000, 0x000000070aa00000| Complete 
|   2|0x000000070ac00000, 0x000000070ae00000, 0x000000070ae00000|100%|HS|  |TAMS 0x000000070ac00000, 0x000000070ac00000| Complete 
|   3|0x000000070ae00000, 0x000000070b000000, 0x000000070b000000|100%|HC|  |TAMS 0x000000070ae00000, 0x000000070ae00000| Complete 
|   4|0x000000070b000000, 0x000000070b200000, 0x000000070b200000|100%|HS|  |TAMS 0x000000070b000000, 0x000000070b000000| Complete 
|   5|0x000000070b200000, 0x000000070b400000, 0x000000070b400000|100%|HC|  |TAMS 0x000000070b200000, 0x000000070b200000| Complete 
|   6|0x000000070b400000, 0x000000070b600000, 0x000000070b600000|100%|HC|  |TAMS 0x000000070b400000, 0x000000070b400000| Complete 
|   7|0x000000070b600000, 0x000000070b600000, 0x000000070b800000|  0%| F|  |TAMS 0x000000070b600000, 0x000000070b600000| Untracked 
|   8|0x000000070b800000, 0x000000070b800000, 0x000000070ba00000|  0%| F|  |TAMS 0x000000070b800000, 0x000000070b800000| Untracked 
|   9|0x000000070ba00000, 0x000000070ba00000, 0x000000070bc00000|  0%| F|  |TAMS 0x000000070ba00000, 0x000000070ba00000| Untracked 
|  10|0x000000070bc00000, 0x000000070bc00000, 0x000000070be00000|  0%| F|  |TAMS 0x000000070bc00000, 0x000000070bc00000| Untracked 
|  11|0x000000070be00000, 0x000000070be00000, 0x000000070c000000|  0%| F|  |TAMS 0x000000070be00000, 0x000000070be00000| Untracked 
|  12|0x000000070c000000, 0x000000070c000000, 0x000000070c200000|  0%| F|  |TAMS 0x000000070c000000, 0x000000070c000000| Untracked 
|  13|0x000000070c200000, 0x000000070c200000, 0x000000070c400000|  0%| F|  |TAMS 0x000000070c200000, 0x000000070c200000| Untracked 
|  14|0x000000070c400000, 0x000000070c400000, 0x000000070c600000|  0%| F|  |TAMS 0x000000070c400000, 0x000000070c400000| Untracked 
|  15|0x000000070c600000, 0x000000070c600000, 0x000000070c800000|  0%| F|  |TAMS 0x000000070c600000, 0x000000070c600000| Untracked 
|  16|0x000000070c800000, 0x000000070c800000, 0x000000070ca00000|  0%| F|  |TAMS 0x000000070c800000, 0x000000070c800000| Untracked 
|  17|0x000000070ca00000, 0x000000070ca00000, 0x000000070cc00000|  0%| F|  |TAMS 0x000000070ca00000, 0x000000070ca00000| Untracked 
|  18|0x000000070cc00000, 0x000000070cc00000, 0x000000070ce00000|  0%| F|  |TAMS 0x000000070cc00000, 0x000000070cc00000| Untracked 
|  19|0x000000070ce00000, 0x000000070ce00000, 0x000000070d000000|  0%| F|  |TAMS 0x000000070ce00000, 0x000000070ce00000| Untracked 
|  20|0x000000070d000000, 0x000000070d000000, 0x000000070d200000|  0%| F|  |TAMS 0x000000070d000000, 0x000000070d000000| Untracked 
|  21|0x000000070d200000, 0x000000070d200000, 0x000000070d400000|  0%| F|  |TAMS 0x000000070d200000, 0x000000070d200000| Untracked 
|  22|0x000000070d400000, 0x000000070d400000, 0x000000070d600000|  0%| F|  |TAMS 0x000000070d400000, 0x000000070d400000| Untracked 
|  23|0x000000070d600000, 0x000000070d600000, 0x000000070d800000|  0%| F|  |TAMS 0x000000070d600000, 0x000000070d600000| Untracked 
|  24|0x000000070d800000, 0x000000070d800000, 0x000000070da00000|  0%| F|  |TAMS 0x000000070d800000, 0x000000070d800000| Untracked 
|  25|0x000000070da00000, 0x000000070da00000, 0x000000070dc00000|  0%| F|  |TAMS 0x000000070da00000, 0x000000070da00000| Untracked 
|  26|0x000000070dc00000, 0x000000070dc00000, 0x000000070de00000|  0%| F|  |TAMS 0x000000070dc00000, 0x000000070dc00000| Untracked 
|  27|0x000000070de00000, 0x000000070de00000, 0x000000070e000000|  0%| F|  |TAMS 0x000000070de00000, 0x000000070de00000| Untracked 
|  28|0x000000070e000000, 0x000000070e000000, 0x000000070e200000|  0%| F|  |TAMS 0x000000070e000000, 0x000000070e000000| Untracked 
|  29|0x000000070e200000, 0x000000070e200000, 0x000000070e400000|  0%| F|  |TAMS 0x000000070e200000, 0x000000070e200000| Untracked 
|  30|0x000000070e400000, 0x000000070e400000, 0x000000070e600000|  0%| F|  |TAMS 0x000000070e400000, 0x000000070e400000| Untracked 
|  31|0x000000070e600000, 0x000000070e600000, 0x000000070e800000|  0%| F|  |TAMS 0x000000070e600000, 0x000000070e600000| Untracked 
|  32|0x000000070e800000, 0x000000070e800000, 0x000000070ea00000|  0%| F|  |TAMS 0x000000070e800000, 0x000000070e800000| Untracked 
|  33|0x000000070ea00000, 0x000000070ea00000, 0x000000070ec00000|  0%| F|  |TAMS 0x000000070ea00000, 0x000000070ea00000| Untracked 
|  34|0x000000070ec00000, 0x000000070ec00000, 0x000000070ee00000|  0%| F|  |TAMS 0x000000070ec00000, 0x000000070ec00000| Untracked 
|  35|0x000000070ee00000, 0x000000070ee00000, 0x000000070f000000|  0%| F|  |TAMS 0x000000070ee00000, 0x000000070ee00000| Untracked 
|  36|0x000000070f000000, 0x000000070f000000, 0x000000070f200000|  0%| F|  |TAMS 0x000000070f000000, 0x000000070f000000| Untracked 
|  37|0x000000070f200000, 0x000000070f200000, 0x000000070f400000|  0%| F|  |TAMS 0x000000070f200000, 0x000000070f200000| Untracked 
|  38|0x000000070f400000, 0x000000070f400000, 0x000000070f600000|  0%| F|  |TAMS 0x000000070f400000, 0x000000070f400000| Untracked 
|  39|0x000000070f600000, 0x000000070f600000, 0x000000070f800000|  0%| F|  |TAMS 0x000000070f600000, 0x000000070f600000| Untracked 
|  40|0x000000070f800000, 0x000000070f800000, 0x000000070fa00000|  0%| F|  |TAMS 0x000000070f800000, 0x000000070f800000| Untracked 
|  41|0x000000070fa00000, 0x000000070fa00000, 0x000000070fc00000|  0%| F|  |TAMS 0x000000070fa00000, 0x000000070fa00000| Untracked 
|  42|0x000000070fc00000, 0x000000070fc00000, 0x000000070fe00000|  0%| F|  |TAMS 0x000000070fc00000, 0x000000070fc00000| Untracked 
|  43|0x000000070fe00000, 0x000000070fe00000, 0x0000000710000000|  0%| F|  |TAMS 0x000000070fe00000, 0x000000070fe00000| Untracked 
|  44|0x0000000710000000, 0x0000000710000000, 0x0000000710200000|  0%| F|  |TAMS 0x0000000710000000, 0x0000000710000000| Untracked 
|  45|0x0000000710200000, 0x0000000710200000, 0x0000000710400000|  0%| F|  |TAMS 0x0000000710200000, 0x0000000710200000| Untracked 
|  46|0x0000000710400000, 0x0000000710400000, 0x0000000710600000|  0%| F|  |TAMS 0x0000000710400000, 0x0000000710400000| Untracked 
|  47|0x0000000710600000, 0x0000000710600000, 0x0000000710800000|  0%| F|  |TAMS 0x0000000710600000, 0x0000000710600000| Untracked 
|  48|0x0000000710800000, 0x0000000710800000, 0x0000000710a00000|  0%| F|  |TAMS 0x0000000710800000, 0x0000000710800000| Untracked 
|  49|0x0000000710a00000, 0x0000000710a00000, 0x0000000710c00000|  0%| F|  |TAMS 0x0000000710a00000, 0x0000000710a00000| Untracked 
|  50|0x0000000710c00000, 0x0000000710c00000, 0x0000000710e00000|  0%| F|  |TAMS 0x0000000710c00000, 0x0000000710c00000| Untracked 
|  51|0x0000000710e00000, 0x0000000710e00000, 0x0000000711000000|  0%| F|  |TAMS 0x0000000710e00000, 0x0000000710e00000| Untracked 
|  52|0x0000000711000000, 0x0000000711000000, 0x0000000711200000|  0%| F|  |TAMS 0x0000000711000000, 0x0000000711000000| Untracked 
|  53|0x0000000711200000, 0x0000000711200000, 0x0000000711400000|  0%| F|  |TAMS 0x0000000711200000, 0x0000000711200000| Untracked 
|  54|0x0000000711400000, 0x0000000711400000, 0x0000000711600000|  0%| F|  |TAMS 0x0000000711400000, 0x0000000711400000| Untracked 
|  55|0x0000000711600000, 0x0000000711600000, 0x0000000711800000|  0%| F|  |TAMS 0x0000000711600000, 0x0000000711600000| Untracked 
|  56|0x0000000711800000, 0x0000000711800000, 0x0000000711a00000|  0%| F|  |TAMS 0x0000000711800000, 0x0000000711800000| Untracked 
|  57|0x0000000711a00000, 0x0000000711a00000, 0x0000000711c00000|  0%| F|  |TAMS 0x0000000711a00000, 0x0000000711a00000| Untracked 
|  58|0x0000000711c00000, 0x0000000711c00000, 0x0000000711e00000|  0%| F|  |TAMS 0x0000000711c00000, 0x0000000711c00000| Untracked 
|  59|0x0000000711e00000, 0x0000000711e00000, 0x0000000712000000|  0%| F|  |TAMS 0x0000000711e00000, 0x0000000711e00000| Untracked 
|  60|0x0000000712000000, 0x0000000712000000, 0x0000000712200000|  0%| F|  |TAMS 0x0000000712000000, 0x0000000712000000| Untracked 
|  61|0x0000000712200000, 0x0000000712200000, 0x0000000712400000|  0%| F|  |TAMS 0x0000000712200000, 0x0000000712200000| Untracked 
|  62|0x0000000712400000, 0x0000000712400000, 0x0000000712600000|  0%| F|  |TAMS 0x0000000712400000, 0x0000000712400000| Untracked 
|  63|0x0000000712600000, 0x0000000712600000, 0x0000000712800000|  0%| F|  |TAMS 0x0000000712600000, 0x0000000712600000| Untracked 
|  64|0x0000000712800000, 0x0000000712800000, 0x0000000712a00000|  0%| F|  |TAMS 0x0000000712800000, 0x0000000712800000| Untracked 
|  65|0x0000000712a00000, 0x0000000712a00000, 0x0000000712c00000|  0%| F|  |TAMS 0x0000000712a00000, 0x0000000712a00000| Untracked 
|  66|0x0000000712c00000, 0x0000000712c00000, 0x0000000712e00000|  0%| F|  |TAMS 0x0000000712c00000, 0x0000000712c00000| Untracked 
|  67|0x0000000712e00000, 0x0000000712e00000, 0x0000000713000000|  0%| F|  |TAMS 0x0000000712e00000, 0x0000000712e00000| Untracked 
|  68|0x0000000713000000, 0x0000000713000000, 0x0000000713200000|  0%| F|  |TAMS 0x0000000713000000, 0x0000000713000000| Untracked 
|  69|0x0000000713200000, 0x0000000713200000, 0x0000000713400000|  0%| F|  |TAMS 0x0000000713200000, 0x0000000713200000| Untracked 
|  70|0x0000000713400000, 0x0000000713400000, 0x0000000713600000|  0%| F|  |TAMS 0x0000000713400000, 0x0000000713400000| Untracked 
|  71|0x0000000713600000, 0x0000000713600000, 0x0000000713800000|  0%| F|  |TAMS 0x0000000713600000, 0x0000000713600000| Untracked 
|  72|0x0000000713800000, 0x0000000713800000, 0x0000000713a00000|  0%| F|  |TAMS 0x0000000713800000, 0x0000000713800000| Untracked 
|  73|0x0000000713a00000, 0x0000000713a00000, 0x0000000713c00000|  0%| F|  |TAMS 0x0000000713a00000, 0x0000000713a00000| Untracked 
|  74|0x0000000713c00000, 0x0000000713c00000, 0x0000000713e00000|  0%| F|  |TAMS 0x0000000713c00000, 0x0000000713c00000| Untracked 
|  75|0x0000000713e00000, 0x0000000713e00000, 0x0000000714000000|  0%| F|  |TAMS 0x0000000713e00000, 0x0000000713e00000| Untracked 
|  76|0x0000000714000000, 0x0000000714000000, 0x0000000714200000|  0%| F|  |TAMS 0x0000000714000000, 0x0000000714000000| Untracked 
|  77|0x0000000714200000, 0x0000000714200000, 0x0000000714400000|  0%| F|  |TAMS 0x0000000714200000, 0x0000000714200000| Untracked 
|  78|0x0000000714400000, 0x0000000714400000, 0x0000000714600000|  0%| F|  |TAMS 0x0000000714400000, 0x0000000714400000| Untracked 
|  79|0x0000000714600000, 0x0000000714600000, 0x0000000714800000|  0%| F|  |TAMS 0x0000000714600000, 0x0000000714600000| Untracked 
|  80|0x0000000714800000, 0x0000000714800000, 0x0000000714a00000|  0%| F|  |TAMS 0x0000000714800000, 0x0000000714800000| Untracked 
|  81|0x0000000714a00000, 0x0000000714a00000, 0x0000000714c00000|  0%| F|  |TAMS 0x0000000714a00000, 0x0000000714a00000| Untracked 
|  82|0x0000000714c00000, 0x0000000714c00000, 0x0000000714e00000|  0%| F|  |TAMS 0x0000000714c00000, 0x0000000714c00000| Untracked 
|  83|0x0000000714e00000, 0x0000000714e00000, 0x0000000715000000|  0%| F|  |TAMS 0x0000000714e00000, 0x0000000714e00000| Untracked 
|  84|0x0000000715000000, 0x0000000715000000, 0x0000000715200000|  0%| F|  |TAMS 0x0000000715000000, 0x0000000715000000| Untracked 
|  85|0x0000000715200000, 0x0000000715200000, 0x0000000715400000|  0%| F|  |TAMS 0x0000000715200000, 0x0000000715200000| Untracked 
|  86|0x0000000715400000, 0x0000000715400000, 0x0000000715600000|  0%| F|  |TAMS 0x0000000715400000, 0x0000000715400000| Untracked 
|  87|0x0000000715600000, 0x0000000715600000, 0x0000000715800000|  0%| F|  |TAMS 0x0000000715600000, 0x0000000715600000| Untracked 
|  88|0x0000000715800000, 0x0000000715800000, 0x0000000715a00000|  0%| F|  |TAMS 0x0000000715800000, 0x0000000715800000| Untracked 
|  89|0x0000000715a00000, 0x0000000715a00000, 0x0000000715c00000|  0%| F|  |TAMS 0x0000000715a00000, 0x0000000715a00000| Untracked 
|  90|0x0000000715c00000, 0x0000000715c00000, 0x0000000715e00000|  0%| F|  |TAMS 0x0000000715c00000, 0x0000000715c00000| Untracked 
|  91|0x0000000715e00000, 0x0000000715e00000, 0x0000000716000000|  0%| F|  |TAMS 0x0000000715e00000, 0x0000000715e00000| Untracked 
|  92|0x0000000716000000, 0x0000000716000000, 0x0000000716200000|  0%| F|  |TAMS 0x0000000716000000, 0x0000000716000000| Untracked 
|  93|0x0000000716200000, 0x0000000716200000, 0x0000000716400000|  0%| F|  |TAMS 0x0000000716200000, 0x0000000716200000| Untracked 
|  94|0x0000000716400000, 0x0000000716400000, 0x0000000716600000|  0%| F|  |TAMS 0x0000000716400000, 0x0000000716400000| Untracked 
|  95|0x0000000716600000, 0x0000000716600000, 0x0000000716800000|  0%| F|  |TAMS 0x0000000716600000, 0x0000000716600000| Untracked 
|  96|0x0000000716800000, 0x0000000716800000, 0x0000000716a00000|  0%| F|  |TAMS 0x0000000716800000, 0x0000000716800000| Untracked 
|  97|0x0000000716a00000, 0x0000000716a00000, 0x0000000716c00000|  0%| F|  |TAMS 0x0000000716a00000, 0x0000000716a00000| Untracked 
|  98|0x0000000716c00000, 0x0000000716c00000, 0x0000000716e00000|  0%| F|  |TAMS 0x0000000716c00000, 0x0000000716c00000| Untracked 
|  99|0x0000000716e00000, 0x0000000716e00000, 0x0000000717000000|  0%| F|  |TAMS 0x0000000716e00000, 0x0000000716e00000| Untracked 
| 100|0x0000000717000000, 0x0000000717000000, 0x0000000717200000|  0%| F|  |TAMS 0x0000000717000000, 0x0000000717000000| Untracked 
| 101|0x0000000717200000, 0x0000000717200000, 0x0000000717400000|  0%| F|  |TAMS 0x0000000717200000, 0x0000000717200000| Untracked 
| 102|0x0000000717400000, 0x0000000717400000, 0x0000000717600000|  0%| F|  |TAMS 0x0000000717400000, 0x0000000717400000| Untracked 
| 103|0x0000000717600000, 0x0000000717600000, 0x0000000717800000|  0%| F|  |TAMS 0x0000000717600000, 0x0000000717600000| Untracked 
| 104|0x0000000717800000, 0x0000000717800000, 0x0000000717a00000|  0%| F|  |TAMS 0x0000000717800000, 0x0000000717800000| Untracked 
| 105|0x0000000717a00000, 0x0000000717a00000, 0x0000000717c00000|  0%| F|  |TAMS 0x0000000717a00000, 0x0000000717a00000| Untracked 
| 106|0x0000000717c00000, 0x0000000717c00000, 0x0000000717e00000|  0%| F|  |TAMS 0x0000000717c00000, 0x0000000717c00000| Untracked 
| 107|0x0000000717e00000, 0x0000000717e00000, 0x0000000718000000|  0%| F|  |TAMS 0x0000000717e00000, 0x0000000717e00000| Untracked 
| 108|0x0000000718000000, 0x0000000718000000, 0x0000000718200000|  0%| F|  |TAMS 0x0000000718000000, 0x0000000718000000| Untracked 
| 109|0x0000000718200000, 0x0000000718200000, 0x0000000718400000|  0%| F|  |TAMS 0x0000000718200000, 0x0000000718200000| Untracked 
| 110|0x0000000718400000, 0x00000007185fcec0, 0x0000000718600000| 99%| S|CS|TAMS 0x0000000718400000, 0x0000000718400000| Complete 
| 111|0x0000000718600000, 0x0000000718800000, 0x0000000718800000|100%| S|CS|TAMS 0x0000000718600000, 0x0000000718600000| Complete 
| 112|0x0000000718800000, 0x0000000718800000, 0x0000000718a00000|  0%| F|  |TAMS 0x0000000718800000, 0x0000000718800000| Untracked 
| 113|0x0000000718a00000, 0x0000000718a00000, 0x0000000718c00000|  0%| F|  |TAMS 0x0000000718a00000, 0x0000000718a00000| Untracked 
| 114|0x0000000718c00000, 0x0000000718c00000, 0x0000000718e00000|  0%| F|  |TAMS 0x0000000718c00000, 0x0000000718c00000| Untracked 
| 115|0x0000000718e00000, 0x0000000718e00000, 0x0000000719000000|  0%| F|  |TAMS 0x0000000718e00000, 0x0000000718e00000| Untracked 
| 116|0x0000000719000000, 0x00000007191f7498, 0x0000000719200000| 98%| E|  |TAMS 0x0000000719000000, 0x0000000719000000| Complete 
| 117|0x0000000719200000, 0x0000000719400000, 0x0000000719400000|100%| E|CS|TAMS 0x0000000719200000, 0x0000000719200000| Complete 
| 118|0x0000000719400000, 0x0000000719600000, 0x0000000719600000|100%| E|CS|TAMS 0x0000000719400000, 0x0000000719400000| Complete 
| 119|0x0000000719600000, 0x0000000719800000, 0x0000000719800000|100%| E|CS|TAMS 0x0000000719600000, 0x0000000719600000| Complete 
| 120|0x0000000719800000, 0x0000000719a00000, 0x0000000719a00000|100%| E|CS|TAMS 0x0000000719800000, 0x0000000719800000| Complete 
| 121|0x0000000719a00000, 0x0000000719c00000, 0x0000000719c00000|100%| E|CS|TAMS 0x0000000719a00000, 0x0000000719a00000| Complete 
| 122|0x0000000719c00000, 0x0000000719e00000, 0x0000000719e00000|100%| E|CS|TAMS 0x0000000719c00000, 0x0000000719c00000| Complete 

Card table byte_map: [0x0000022a75aa0000,0x0000022a76250000] _byte_map_base: 0x0000022a7224c000

Marking Bits (Prev, Next): (CMBitMap*) 0x0000022a5bf9e1e0, (CMBitMap*) 0x0000022a5bf9e220
 Prev Bits: [0x0000022a76a00000, 0x0000022a7a760000)
 Next Bits: [0x0000022a7a760000, 0x0000022a7e4c0000)

Polling page: 0x0000022a5bff0000

Metaspace:

Usage:
  Non-class:     13.44 MB used.
      Class:      1.60 MB used.
       Both:     15.04 MB used.

Virtual space:
  Non-class space:       64.00 MB reserved,      13.56 MB ( 21%) committed,  1 nodes.
      Class space:        1.00 GB reserved,       1.75 MB ( <1%) committed,  1 nodes.
             Both:        1.06 GB reserved,      15.31 MB (  1%) committed. 

Chunk freelists:
   Non-Class:  2.45 MB
       Class:  2.22 MB
        Both:  4.67 MB

MaxMetaspaceSize: unlimited
CompressedClassSpaceSize: 1.00 GB
Initial GC threshold: 21.00 MB
Current GC threshold: 21.00 MB
CDS: on
MetaspaceReclaimPolicy: balanced
 - commit_granule_bytes: 65536.
 - commit_granule_words: 8192.
 - virtual_space_node_default_size: 8388608.
 - enlarge_chunks_in_place: 1.
 - new_chunks_are_fully_committed: 0.
 - uncommit_free_chunks: 1.
 - use_allocation_guard: 0.


Internal statistics:

num_allocs_failed_limit: 0.
num_arena_births: 192.
num_arena_deaths: 0.
num_vsnodes_births: 2.
num_vsnodes_deaths: 0.
num_space_committed: 245.
num_space_uncommitted: 0.
num_chunks_returned_to_freelist: 0.
num_chunks_taken_from_freelist: 351.
num_chunk_merges: 0.
num_chunk_splits: 224.
num_chunks_enlarged: 147.
num_inconsistent_stats: 0.

CodeHeap 'non-profiled nmethods': size=120000Kb used=601Kb max_used=601Kb free=119398Kb
 bounds [0x0000022a6d130000, 0x0000022a6d3a0000, 0x0000022a74660000]
CodeHeap 'profiled nmethods': size=120000Kb used=3187Kb max_used=3187Kb free=116812Kb
 bounds [0x0000022a65660000, 0x0000022a65980000, 0x0000022a6cb90000]
CodeHeap 'non-nmethods': size=5760Kb used=1431Kb max_used=1459Kb free=4328Kb
 bounds [0x0000022a6cb90000, 0x0000022a6ce00000, 0x0000022a6d130000]
 total_blobs=2513 nmethods=1821 adapters=603
 compilation: enabled
              stopped_count=0, restarted_count=0
 full_count=0

Compilation events (20 events):
Event: 1.723 Thread 0x0000022a7f1d3590 1805   !   4       sun.font.TrueTypeFont::getTableBuffer (215 bytes)
Event: 1.724 Thread 0x0000022a7f1d67a0 nmethod 1799 0x0000022a65974490 code [0x0000022a65974800, 0x0000022a65976278]
Event: 1.724 Thread 0x0000022a7f1d67a0 1801       3       java.util.HashMap::prepareArray (38 bytes)
Event: 1.725 Thread 0x0000022a7f1d67a0 nmethod 1801 0x0000022a65976a10 code [0x0000022a65976c00, 0x0000022a65977218]
Event: 1.725 Thread 0x0000022a7f1d67a0 1804       3       java.util.HashSet::toArray (16 bytes)
Event: 1.725 Thread 0x0000022a7f1d67a0 nmethod 1804 0x0000022a65977410 code [0x0000022a659775c0, 0x0000022a659777d8]
Event: 1.726 Thread 0x0000022a7f1c7a10 1806       4       java.nio.ByteBuffer::<init> (47 bytes)
Event: 1.726 Thread 0x0000022a7f1d67a0 1807       3       java.lang.StringUTF16::newBytesFor (61 bytes)
Event: 1.727 Thread 0x0000022a7f1d67a0 nmethod 1807 0x0000022a65977890 code [0x0000022a65977b00, 0x0000022a65978338]
Event: 1.727 Thread 0x0000022a7f1d67a0 1808       3       sun.nio.ch.FileChannelImpl::open (16 bytes)
Event: 1.727 Thread 0x0000022a7f1d67a0 nmethod 1808 0x0000022a65978690 code [0x0000022a65978840, 0x0000022a65978a08]
Event: 1.730 Thread 0x0000022a7f1c7a10 nmethod 1806 0x0000022a6d1c3710 code [0x0000022a6d1c38a0, 0x0000022a6d1c3b98]
Event: 1.730 Thread 0x0000022a7f1c7a10 1811       4       java.lang.StringUTF16::compress (20 bytes)
Event: 1.731 Thread 0x0000022a7f1c7a10 nmethod 1811 0x0000022a6d1c3d10 code [0x0000022a6d1c3ea0, 0x0000022a6d1c40d8]
Event: 1.732 Thread 0x0000022a7f1c7a10 1810       4       java.nio.channels.spi.AbstractInterruptibleChannel::end (53 bytes)
Event: 1.734 Thread 0x0000022a7f1c7a10 nmethod 1810 0x0000022a6d1c4190 code [0x0000022a6d1c4320, 0x0000022a6d1c45d8]
Event: 1.734 Thread 0x0000022a7f1c7a10 1809       4       java.nio.ByteBuffer::limit (6 bytes)
Event: 1.735 Thread 0x0000022a7f1c7a10 nmethod 1809 0x0000022a6d1c4790 code [0x0000022a6d1c4920, 0x0000022a6d1c4a38]
Event: 1.735 Thread 0x0000022a7f1c7a10 1812   !   4       sun.nio.ch.NativeThreadSet::remove (90 bytes)
Event: 1.737 Thread 0x0000022a7f1c7a10 nmethod 1812 0x0000022a6d1c4b90 code [0x0000022a6d1c4d20, 0x0000022a6d1c4f58]

GC Heap History (2 events):
Event: 0.978 GC heap before
{Heap before GC invocations=0 (full 0):
 garbage-first heap   total 251904K, used 28672K [0x000000070a800000, 0x0000000800000000)
  region size 2048K, 11 young (22528K), 0 survivors (0K)
 Metaspace       used 8597K, committed 8832K, reserved 1114112K
  class space    used 884K, committed 1024K, reserved 1048576K
}
Event: 0.985 GC heap after
{Heap after GC invocations=1 (full 0):
 garbage-first heap   total 251904K, used 12275K [0x000000070a800000, 0x0000000800000000)
  region size 2048K, 2 young (4096K), 2 survivors (4096K)
 Metaspace       used 8597K, committed 8832K, reserved 1114112K
  class space    used 884K, committed 1024K, reserved 1048576K
}

Dll operation events (12 events):
Event: 0.010 Loaded shared library C:\Program Files\Java\jdk-19\bin\java.dll
Event: 0.022 Loaded shared library C:\Program Files\Java\jdk-19\bin\jsvml.dll
Event: 0.094 Loaded shared library C:\Program Files\Java\jdk-19\bin\net.dll
Event: 0.097 Loaded shared library C:\Program Files\Java\jdk-19\bin\nio.dll
Event: 0.126 Loaded shared library C:\Program Files\Java\jdk-19\bin\zip.dll
Event: 0.146 Loaded shared library C:\Program Files\Java\jdk-19\bin\jimage.dll
Event: 0.171 Loaded shared library C:\Program Files\Java\jdk-19\bin\awt.dll
Event: 0.576 Loaded shared library C:\Program Files\Java\jdk-19\bin\javajpeg.dll
Event: 0.843 Loaded shared library C:\Program Files\Java\jdk-19\bin\extnet.dll
Event: 0.956 Loaded shared library C:\Program Files\Java\jdk-19\bin\sunmscapi.dll
Event: 1.367 Loaded shared library C:\Program Files\Java\jdk-19\bin\freetype.dll
Event: 1.368 Loaded shared library C:\Program Files\Java\jdk-19\bin\fontmanager.dll

Deoptimization events (20 events):
Event: 0.985 Thread 0x0000022a7f1ada90 Uncommon trap: trap_request=0xffffff45 fr.pc=0x0000022a6d159964 relative=0x0000000000000144
Event: 0.985 Thread 0x0000022a7f1ada90 Uncommon trap: reason=unstable_if action=reinterpret pc=0x0000022a6d159964 method=java.util.concurrent.locks.ReentrantLock$NonfairSync.initialTryLock()Z @ 10 c2
Event: 0.985 Thread 0x0000022a7f1ada90 DEOPT PACKING pc=0x0000022a6d159964 sp=0x000000c0bf6ff050
Event: 0.985 Thread 0x0000022a7f1ada90 DEOPT UNPACKING pc=0x0000022a6cbf6da3 sp=0x000000c0bf6feff8 mode 2
Event: 1.086 Thread 0x0000022a5bf2d3c0 DEOPT PACKING pc=0x0000022a657aa857 sp=0x000000c0beffd7e0
Event: 1.086 Thread 0x0000022a5bf2d3c0 DEOPT UNPACKING pc=0x0000022a6cbf7543 sp=0x000000c0beffcc78 mode 0
Event: 1.379 Thread 0x0000022a5bf2d3c0 Uncommon trap: trap_request=0xffffff45 fr.pc=0x0000022a6d15eab0 relative=0x0000000000000210
Event: 1.379 Thread 0x0000022a5bf2d3c0 Uncommon trap: reason=unstable_if action=reinterpret pc=0x0000022a6d15eab0 method=java.lang.StringUTF16.compress([CI[BII)I @ 20 c2
Event: 1.379 Thread 0x0000022a5bf2d3c0 DEOPT PACKING pc=0x0000022a6d15eab0 sp=0x000000c0beffde50
Event: 1.379 Thread 0x0000022a5bf2d3c0 DEOPT UNPACKING pc=0x0000022a6cbf6da3 sp=0x000000c0beffddd0 mode 2
Event: 1.565 Thread 0x0000022a06fbd010 DEOPT PACKING pc=0x0000022a657ab33e sp=0x000000c0c13fcb50
Event: 1.565 Thread 0x0000022a06fbd010 DEOPT UNPACKING pc=0x0000022a6cbf7543 sp=0x000000c0c13fbfc8 mode 0
Event: 1.699 Thread 0x0000022a06fbd010 Uncommon trap: trap_request=0xffffff45 fr.pc=0x0000022a6d13abb8 relative=0x0000000000000098
Event: 1.699 Thread 0x0000022a06fbd010 Uncommon trap: reason=unstable_if action=reinterpret pc=0x0000022a6d13abb8 method=java.lang.String.isLatin1()Z @ 10 c2
Event: 1.699 Thread 0x0000022a06fbd010 DEOPT PACKING pc=0x0000022a6d13abb8 sp=0x000000c0c13fced0
Event: 1.699 Thread 0x0000022a06fbd010 DEOPT UNPACKING pc=0x0000022a6cbf6da3 sp=0x000000c0c13fce00 mode 2
Event: 1.721 Thread 0x0000022a06fbd010 Uncommon trap: trap_request=0xffffff45 fr.pc=0x0000022a6d1c23ac relative=0x00000000000003ec
Event: 1.721 Thread 0x0000022a06fbd010 Uncommon trap: reason=unstable_if action=reinterpret pc=0x0000022a6d1c23ac method=java.lang.Character.isSurrogate(C)Z @ 3 c2
Event: 1.721 Thread 0x0000022a06fbd010 DEOPT PACKING pc=0x0000022a6d1c23ac sp=0x000000c0c13fcaf0
Event: 1.721 Thread 0x0000022a06fbd010 DEOPT UNPACKING pc=0x0000022a6cbf6da3 sp=0x000000c0c13fca18 mode 2

Classes loaded (20 events):
Event: 1.478 Loading class sun/font/CompositeGlyphMapper
Event: 1.479 Loading class sun/font/CompositeGlyphMapper done
Event: 1.483 Loading class java/awt/print/PrinterGraphics
Event: 1.484 Loading class java/awt/print/PrinterGraphics done
Event: 1.484 Loading class java/awt/PrintGraphics
Event: 1.484 Loading class java/awt/PrintGraphics done
Event: 1.484 Loading class sun/java2d/loops/FontInfo
Event: 1.484 Loading class sun/java2d/loops/FontInfo done
Event: 1.485 Loading class sun/font/SunFontManager$FamilyDescription
Event: 1.485 Loading class sun/font/SunFontManager$FamilyDescription done
Event: 1.513 Loading class sun/font/SunFontManager$3
Event: 1.513 Loading class sun/font/SunFontManager$3 done
Event: 1.533 Loading class sun/font/SunFontManager$8
Event: 1.534 Loading class sun/font/SunFontManager$8 done
Event: 1.534 Loading class sun/font/SunFontManager$9
Event: 1.534 Loading class sun/font/SunFontManager$9 done
Event: 1.706 Loading class java/lang/foreign/MemorySegment
Event: 1.707 Loading class java/lang/foreign/Addressable
Event: 1.707 Loading class java/lang/foreign/Addressable done
Event: 1.707 Loading class java/lang/foreign/MemorySegment done

Classes unloaded (0 events):
No events

Classes redefined (0 events):
No events

Internal exceptions (20 events):
Event: 0.249 Thread 0x0000022a5bf2d3c0 Exception <a 'java/lang/NoSuchMethodError'{0x0000000719bdd8d0}: 'java.lang.Object java.lang.invoke.DirectMethodHandle$Holder.invokeStaticInit(java.lang.Object)'> (0x0000000719bdd8d0) 
thrown [s\open\src\hotspot\share\interpreter\linkResolver.cpp, line 774]
Event: 0.427 Thread 0x0000022a5bf2d3c0 Exception <a 'java/lang/NoSuchMethodError'{0x0000000719914170}: 'void java.lang.invoke.DirectMethodHandle$Holder.invokeSpecial(java.lang.Object, java.lang.Object, java.lang.Object)'> (0x0000000719914170) 
thrown [s\open\src\hotspot\share\interpreter\linkResolver.cpp, line 774]
Event: 0.437 Thread 0x0000022a5bf2d3c0 Exception <a 'java/lang/NoSuchMethodError'{0x000000071993ecf0}: 'java.lang.Object java.lang.invoke.DirectMethodHandle$Holder.newInvokeSpecial(java.lang.Object, java.lang.Object, java.lang.Object, java.lang.Object, java.lang.Object)'> (0x000000071993ecf0) 
thrown [s\open\src\hotspot\share\interpreter\linkResolver.cpp, line 774]
Event: 0.447 Thread 0x0000022a5bf2d3c0 Exception <a 'java/lang/NoSuchMethodError'{0x0000000719970650}: 'java.lang.Object java.lang.invoke.DirectMethodHandle$Holder.invokeStatic(java.lang.Object, int, java.lang.Object)'> (0x0000000719970650) 
thrown [s\open\src\hotspot\share\interpreter\linkResolver.cpp, line 774]
Event: 0.482 Thread 0x0000022a5bf2d3c0 Exception <a 'java/lang/ClassNotFoundException'{0x000000071962c6b8}: com/sun/swing/internal/plaf/metal/resources/spi/metalProvider> (0x000000071962c6b8) 
thrown [s\open\src\hotspot\share\classfile\systemDictionary.cpp, line 255]
Event: 0.483 Thread 0x0000022a5bf2d3c0 Exception <a 'java/lang/ClassNotFoundException'{0x0000000719630688}: com/sun/swing/internal/plaf/basic/resources/spi/basicProvider> (0x0000000719630688) 
thrown [s\open\src\hotspot\share\classfile\systemDictionary.cpp, line 255]
Event: 0.496 Thread 0x0000022a5bf2d3c0 Exception <a 'java/lang/NoSuchMethodError'{0x0000000719650418}: 'int java.lang.invoke.Invokers$Holder.invokeExact_MT(java.lang.Object, java.lang.Object)'> (0x0000000719650418) 
thrown [s\open\src\hotspot\share\interpreter\linkResolver.cpp, line 774]
Event: 0.578 Thread 0x0000022a06ad53b0 Exception <a 'java/lang/NoSuchMethodError'{0x0000000719408268}: 'java.lang.Object java.lang.invoke.DirectMethodHandle$Holder.newInvokeSpecial(java.lang.Object, java.lang.Object, java.lang.Object, int, int, int, int, int)'> (0x0000000719408268) 
thrown [s\open\src\hotspot\share\interpreter\linkResolver.cpp, line 774]
Event: 0.691 Thread 0x0000022a5bf2d3c0 Exception <a 'java/lang/NoSuchMethodError'{0x0000000718c46250}: 'java.lang.Object java.lang.invoke.DirectMethodHandle$Holder.invokeInterface(java.lang.Object, java.lang.Object)'> (0x0000000718c46250) 
thrown [s\open\src\hotspot\share\interpreter\linkResolver.cpp, line 774]
Event: 0.725 Thread 0x0000022a5bf2d3c0 Exception <a 'java/lang/NoSuchMethodError'{0x0000000718cbdf60}: 'void java.lang.invoke.DirectMethodHandle$Holder.invokeStatic(java.lang.Object, java.lang.Object, java.lang.Object)'> (0x0000000718cbdf60) 
thrown [s\open\src\hotspot\share\interpreter\linkResolver.cpp, line 774]
Event: 0.728 Thread 0x0000022a5bf2d3c0 Exception <a 'java/lang/NoSuchMethodError'{0x0000000718cc7d48}: 'java.lang.Object java.lang.invoke.DirectMethodHandle$Holder.invokeVirtual(java.lang.Object, java.lang.Object, java.lang.Object)'> (0x0000000718cc7d48) 
thrown [s\open\src\hotspot\share\interpreter\linkResolver.cpp, line 774]
Event: 0.845 Thread 0x0000022a5bf2d3c0 Exception <a 'java/lang/NoSuchMethodError'{0x0000000718bc1630}: 'void java.lang.invoke.DirectMethodHandle$Holder.invokeStatic(java.lang.Object, java.lang.Object)'> (0x0000000718bc1630) 
thrown [s\open\src\hotspot\share\interpreter\linkResolver.cpp, line 774]
Event: 0.927 Thread 0x0000022a5bf2d3c0 Exception <a 'java/lang/NoSuchMethodError'{0x00000007189517c8}: 'void java.lang.invoke.DirectMethodHandle$Holder.invokeStaticInit(java.lang.Object, java.lang.Object)'> (0x00000007189517c8) 
thrown [s\open\src\hotspot\share\interpreter\linkResolver.cpp, line 774]
Event: 1.014 Thread 0x0000022a5bf2d3c0 Exception <a 'sun/nio/fs/WindowsException'{0x0000000719d259a8}> (0x0000000719d259a8) 
thrown [s\open\src\hotspot\share\prims\jni.cpp, line 517]
Event: 1.074 Thread 0x0000022a5bf2d3c0 Exception <a 'java/lang/NoSuchMethodError'{0x0000000719ddd820}: 'java.lang.Object java.lang.invoke.DirectMethodHandle$Holder.invokeStaticInit(java.lang.Object, int, int, int, int)'> (0x0000000719ddd820) 
thrown [s\open\src\hotspot\share\interpreter\linkResolver.cpp, line 774]
Event: 1.127 Thread 0x0000022a5bf2d3c0 Exception <a 'java/lang/NoSuchMethodError'{0x0000000719a42170}: 'java.lang.Object java.lang.invoke.DirectMethodHandle$Holder.invokeStaticInit(java.lang.Object, java.lang.Object, int, int, int, int)'> (0x0000000719a42170) 
thrown [s\open\src\hotspot\share\interpreter\linkResolver.cpp, line 774]
Event: 1.237 Thread 0x0000022a5bf2d3c0 Exception <a 'java/lang/NoSuchMethodError'{0x0000000719af9ac0}: 'void java.lang.invoke.DirectMethodHandle$Holder.invokeVirtual(java.lang.Object, java.lang.Object)'> (0x0000000719af9ac0) 
thrown [s\open\src\hotspot\share\interpreter\linkResolver.cpp, line 774]
Event: 1.321 Thread 0x0000022a5bf2d3c0 Exception <a 'java/io/IOException'{0x0000000719be8bb8}> (0x0000000719be8bb8) 
thrown [s\open\src\hotspot\share\prims\jni.cpp, line 517]
Event: 1.328 Thread 0x0000022a5bf2d3c0 Exception <a 'java/lang/NullPointerException'{0x0000000719809e90}> (0x0000000719809e90) 
thrown [s\open\src\hotspot\share\interpreter\linkResolver.cpp, line 1458]
Event: 1.362 Thread 0x0000022a5bf2d3c0 Exception <a 'java/lang/NoSuchMethodError'{0x0000000719830598}: 'void java.lang.invoke.DirectMethodHandle$Holder.invokeStaticInit(java.lang.Object)'> (0x0000000719830598) 
thrown [s\open\src\hotspot\share\interpreter\linkResolver.cpp, line 774]

VM Operations (20 events):
Event: 0.205 Executing VM operation: HandshakeAllThreads
Event: 0.205 Executing VM operation: HandshakeAllThreads done
Event: 0.559 Executing VM operation: HandshakeAllThreads
Event: 0.559 Executing VM operation: HandshakeAllThreads done
Event: 0.608 Executing VM operation: HandshakeAllThreads
Event: 0.608 Executing VM operation: HandshakeAllThreads done
Event: 0.642 Executing VM operation: HandshakeAllThreads
Event: 0.642 Executing VM operation: HandshakeAllThreads done
Event: 0.671 Executing VM operation: HandshakeAllThreads
Event: 0.671 Executing VM operation: HandshakeAllThreads done
Event: 0.826 Executing VM operation: HandshakeAllThreads
Event: 0.826 Executing VM operation: HandshakeAllThreads done
Event: 0.975 Executing VM operation: ICBufferFull
Event: 0.975 Executing VM operation: ICBufferFull done
Event: 0.978 Executing VM operation: G1CollectForAllocation
Event: 0.985 Executing VM operation: G1CollectForAllocation done
Event: 1.257 Executing VM operation: HandshakeAllThreads
Event: 1.257 Executing VM operation: HandshakeAllThreads done
Event: 1.460 Executing VM operation: HandshakeAllThreads
Event: 1.460 Executing VM operation: HandshakeAllThreads done

Events (20 events):
Event: 0.040 Thread 0x0000022a7f1ada90 Thread added: 0x0000022a7f1ada90
Event: 0.041 Thread 0x0000022a7f1ae680 Thread added: 0x0000022a7f1ae680
Event: 0.041 Thread 0x0000022a7f1b3750 Thread added: 0x0000022a7f1b3750
Event: 0.041 Thread 0x0000022a7f1b4080 Thread added: 0x0000022a7f1b4080
Event: 0.042 Thread 0x0000022a7f1b49b0 Thread added: 0x0000022a7f1b49b0
Event: 0.042 Thread 0x0000022a7f1b52e0 Thread added: 0x0000022a7f1b52e0
Event: 0.042 Thread 0x0000022a7f1c7a10 Thread added: 0x0000022a7f1c7a10
Event: 0.042 Thread 0x0000022a7f1d67a0 Thread added: 0x0000022a7f1d67a0
Event: 0.042 Thread 0x0000022a7f1e0fd0 Thread added: 0x0000022a7f1e0fd0
Event: 0.078 Thread 0x0000022a7f184e60 Thread added: 0x0000022a7f184e60
Event: 0.118 Thread 0x0000022a7f4d7ca0 Thread added: 0x0000022a7f4d7ca0
Event: 0.251 Thread 0x0000022a7f651ad0 Thread added: 0x0000022a7f651ad0
Event: 0.252 Thread 0x0000022a7f657300 Thread added: 0x0000022a7f657300
Event: 0.255 Thread 0x0000022a7f65c720 Thread added: 0x0000022a7f65c720
Event: 0.505 Thread 0x0000022a06ad53b0 Thread added: 0x0000022a06ad53b0
Event: 0.656 Thread 0x0000022a06acb9e0 Thread added: 0x0000022a06acb9e0
Event: 0.714 Thread 0x0000022a7f1d3590 Thread added: 0x0000022a7f1d3590
Event: 1.331 Thread 0x0000022a06fbd010 Thread added: 0x0000022a06fbd010
Event: 1.441 Thread 0x0000022a5bf2d3c0 Thread exited: 0x0000022a5bf2d3c0
Event: 1.442 Thread 0x0000022a5bf2d3c0 Thread added: 0x0000022a5bf2d3c0


Dynamic libraries:
0x00007ff74ff40000 - 0x00007ff74ff50000 	C:\Program Files\Java\jdk-19\bin\java.exe
0x00007ffbedbd0000 - 0x00007ffbedde7000 	C:\Windows\SYSTEM32\ntdll.dll
0x00007ffbec580000 - 0x00007ffbec644000 	C:\Windows\System32\KERNEL32.DLL
0x00007ffbeb180000 - 0x00007ffbeb52d000 	C:\Windows\System32\KERNELBASE.dll
0x00007ffbeaef0000 - 0x00007ffbeb001000 	C:\Windows\System32\ucrtbase.dll
0x00007ffbcbd70000 - 0x00007ffbcbd88000 	C:\Program Files\Java\jdk-19\bin\jli.dll
0x00007ffbddb90000 - 0x00007ffbddbab000 	C:\Program Files\Java\jdk-19\bin\VCRUNTIME140.dll
0x00007ffbeccf0000 - 0x00007ffbecda2000 	C:\Windows\System32\ADVAPI32.dll
0x00007ffbec650000 - 0x00007ffbec6f7000 	C:\Windows\System32\msvcrt.dll
0x00007ffbed9d0000 - 0x00007ffbeda79000 	C:\Windows\System32\sechost.dll
0x00007ffbeb860000 - 0x00007ffbeb888000 	C:\Windows\System32\bcrypt.dll
0x00007ffbec820000 - 0x00007ffbec934000 	C:\Windows\System32\RPCRT4.dll
0x00007ffbec9e0000 - 0x00007ffbecb8e000 	C:\Windows\System32\USER32.dll
0x00007ffbeb530000 - 0x00007ffbeb556000 	C:\Windows\System32\win32u.dll
0x00007ffbcfbe0000 - 0x00007ffbcfe73000 	C:\Windows\WinSxS\amd64_microsoft.windows.common-controls_6595b64144ccf1df_6.0.22621.3672_none_2713b9d173822955\COMCTL32.dll
0x00007ffbeda80000 - 0x00007ffbedaa9000 	C:\Windows\System32\GDI32.dll
0x00007ffbeb6c0000 - 0x00007ffbeb7d9000 	C:\Windows\System32\gdi32full.dll
0x00007ffbeb560000 - 0x00007ffbeb5fa000 	C:\Windows\System32\msvcp_win.dll
0x00007ffbe15e0000 - 0x00007ffbe15ea000 	C:\Windows\SYSTEM32\VERSION.dll
0x00007ffbed6d0000 - 0x00007ffbed701000 	C:\Windows\System32\IMM32.DLL
0x00007ffbd9ed0000 - 0x00007ffbd9edc000 	C:\Program Files\Java\jdk-19\bin\vcruntime140_1.dll
0x00007ffbc7ce0000 - 0x00007ffbc7d6e000 	C:\Program Files\Java\jdk-19\bin\msvcp140.dll
0x00007ffb6e980000 - 0x00007ffb6f640000 	C:\Program Files\Java\jdk-19\bin\server\jvm.dll
0x00007ffbddd60000 - 0x00007ffbddd69000 	C:\Windows\SYSTEM32\WSOCK32.dll
0x00007ffbe8270000 - 0x00007ffbe82a4000 	C:\Windows\SYSTEM32\WINMM.dll
0x00007ffbebb40000 - 0x00007ffbebbb1000 	C:\Windows\System32\WS2_32.dll
0x00007ffbea030000 - 0x00007ffbea048000 	C:\Windows\SYSTEM32\kernel.appcore.dll
0x00007ffbd9ec0000 - 0x00007ffbd9eca000 	C:\Program Files\Java\jdk-19\bin\jimage.dll
0x00007ffbe88b0000 - 0x00007ffbe8ae2000 	C:\Windows\SYSTEM32\DBGHELP.DLL
0x00007ffbece60000 - 0x00007ffbed1ee000 	C:\Windows\System32\combase.dll
0x00007ffbec4a0000 - 0x00007ffbec577000 	C:\Windows\System32\OLEAUT32.dll
0x00007ffbde2b0000 - 0x00007ffbde2e2000 	C:\Windows\SYSTEM32\dbgcore.DLL
0x00007ffbeb7e0000 - 0x00007ffbeb85b000 	C:\Windows\System32\bcryptPrimitives.dll
0x00007ffbccd30000 - 0x00007ffbccd56000 	C:\Program Files\Java\jdk-19\bin\java.dll
0x00007ffbc60d0000 - 0x00007ffbc61a7000 	C:\Program Files\Java\jdk-19\bin\jsvml.dll
0x00007ffbebc30000 - 0x00007ffbec497000 	C:\Windows\System32\SHELL32.dll
0x00007ffbe8e30000 - 0x00007ffbe972f000 	C:\Windows\SYSTEM32\windows.storage.dll
0x00007ffbe8cf0000 - 0x00007ffbe8e2f000 	C:\Windows\SYSTEM32\wintypes.dll
0x00007ffbed710000 - 0x00007ffbed809000 	C:\Windows\System32\SHCORE.dll
0x00007ffbebbd0000 - 0x00007ffbebc2e000 	C:\Windows\System32\shlwapi.dll
0x00007ffbeae20000 - 0x00007ffbeae47000 	C:\Windows\SYSTEM32\profapi.dll
0x00007ffbd9e80000 - 0x00007ffbd9e93000 	C:\Program Files\Java\jdk-19\bin\net.dll
0x00007ffbe59c0000 - 0x00007ffbe5af6000 	C:\Windows\SYSTEM32\WINHTTP.dll
0x00007ffbea4a0000 - 0x00007ffbea509000 	C:\Windows\system32\mswsock.dll
0x00007ffbce910000 - 0x00007ffbce926000 	C:\Program Files\Java\jdk-19\bin\nio.dll
0x00007ffbcc9c0000 - 0x00007ffbcc9d8000 	C:\Program Files\Java\jdk-19\bin\zip.dll
0x00007ffb7b350000 - 0x00007ffb7b4e1000 	C:\Program Files\Java\jdk-19\bin\awt.dll
0x00007ffbe2ed0000 - 0x00007ffbe2f67000 	C:\Windows\SYSTEM32\apphelp.dll
0x00007ffbe7000000 - 0x00007ffbe702b000 	C:\Windows\system32\DWMAPI.DLL
0x00007ffbe6e70000 - 0x00007ffbe6f21000 	C:\Windows\system32\uxtheme.dll
0x00007ffb9b0a0000 - 0x00007ffb9b1a0000 	C:\Windows\system32\opengl32.dll
0x00007ffb9abb0000 - 0x00007ffb9abdd000 	C:\Windows\SYSTEM32\GLU32.dll
0x00007ffbe8310000 - 0x00007ffbe8347000 	C:\Windows\SYSTEM32\dxcore.dll
0x00007ffba8780000 - 0x00007ffba88b3000 	C:\ProgramData\A-Volute\A-Volute.Nahimic\Modules\Scheduled\x64\AudioDevProps2.dll
0x00007ffbed820000 - 0x00007ffbed9c5000 	C:\Windows\System32\ole32.dll
0x00007ffbecb90000 - 0x00007ffbeccee000 	C:\Windows\System32\MSCTF.dll
0x00007ffbbad10000 - 0x00007ffbbaeb8000 	C:\Windows\system32\d3d9.dll
0x00007ffbde3b0000 - 0x00007ffbde56b000 	C:\Windows\System32\DriverStore\FileRepository\u0394332.inf_amd64_8283e0ed71f669bb\B393994\aticfx64.dll
0x00007ffbc3c10000 - 0x00007ffbc3c44000 	C:\Windows\System32\DriverStore\FileRepository\u0394332.inf_amd64_8283e0ed71f669bb\B393994\atiu9p64.dll
0x00007ffbb6fb0000 - 0x00007ffbb7d05000 	C:\Windows\System32\DriverStore\FileRepository\u0394332.inf_amd64_8283e0ed71f669bb\B393994\atiumd64.dll
0x000000005d4e0000 - 0x000000005e407000 	C:\Windows\System32\DriverStore\FileRepository\u0394332.inf_amd64_8283e0ed71f669bb\B393994\atiumd6a.dll
0x00007ffbed1f0000 - 0x00007ffbed664000 	C:\Windows\System32\SETUPAPI.dll
0x00007ffbe9d80000 - 0x00007ffbe9dcd000 	C:\Windows\SYSTEM32\POWRPROF.dll
0x00007ffbe9d60000 - 0x00007ffbe9d73000 	C:\Windows\SYSTEM32\UMPDC.dll
0x00007ffbddf80000 - 0x00007ffbddfb5000 	C:\Windows\SYSTEM32\amdihk64.dll
0x00007ffbe12f0000 - 0x00007ffbe1339000 	C:\Windows\SYSTEM32\directxdatabasehelper.dll
0x00007ffbcbcb0000 - 0x00007ffbcbcde000 	C:\Program Files\Java\jdk-19\bin\javajpeg.dll
0x00007ffbe9a70000 - 0x00007ffbe9b68000 	C:\Windows\SYSTEM32\DNSAPI.dll
0x00007ffbe9a00000 - 0x00007ffbe9a2d000 	C:\Windows\SYSTEM32\IPHLPAPI.DLL
0x00007ffbec9d0000 - 0x00007ffbec9d9000 	C:\Windows\System32\NSI.dll
0x00007ffbe5740000 - 0x00007ffbe574a000 	C:\Windows\System32\rasadhlp.dll
0x00007ffbe4940000 - 0x00007ffbe49c3000 	C:\Windows\System32\fwpuclnt.dll
0x00007ffbd9990000 - 0x00007ffbd9998000 	C:\Program Files\Java\jdk-19\bin\extnet.dll
0x00007ffbe7ed0000 - 0x00007ffbe7ede000 	C:\Program Files\Java\jdk-19\bin\sunmscapi.dll
0x00007ffbeb010000 - 0x00007ffbeb176000 	C:\Windows\System32\CRYPT32.dll
0x00007ffbea8b0000 - 0x00007ffbea8de000 	C:\Windows\SYSTEM32\ncrypt.dll
0x00007ffbea870000 - 0x00007ffbea8a7000 	C:\Windows\SYSTEM32\NTASN1.dll
0x00007ffbea6f0000 - 0x00007ffbea70b000 	C:\Windows\SYSTEM32\CRYPTSP.dll
0x00007ffbe9f70000 - 0x00007ffbe9fa5000 	C:\Windows\system32\rsaenh.dll
0x00007ffbea590000 - 0x00007ffbea5b8000 	C:\Windows\SYSTEM32\USERENV.dll
0x00007ffbea710000 - 0x00007ffbea71c000 	C:\Windows\SYSTEM32\CRYPTBASE.dll
0x00007ffbe5830000 - 0x00007ffbe5849000 	C:\Windows\SYSTEM32\dhcpcsvc6.DLL
0x00007ffbe5710000 - 0x00007ffbe572f000 	C:\Windows\SYSTEM32\dhcpcsvc.DLL
0x00007ffbc2350000 - 0x00007ffbc23d6000 	C:\Program Files\Java\jdk-19\bin\freetype.dll
0x00007ffbbfc70000 - 0x00007ffbbfd35000 	C:\Program Files\Java\jdk-19\bin\fontmanager.dll
0x00007ffbd4bb0000 - 0x00007ffbd4cf3000 	C:\Windows\SYSTEM32\textinputframework.dll

dbghelp: loaded successfully - version: 4.0.5 - missing functions: none
symbol engine: initialized successfully - sym options: 0x614 - pdb path: .;C:\Program Files\Java\jdk-19\bin;C:\Windows\SYSTEM32;C:\Windows\WinSxS\amd64_microsoft.windows.common-controls_6595b64144ccf1df_6.0.22621.3672_none_2713b9d173822955;C:\Program Files\Java\jdk-19\bin\server;C:\ProgramData\A-Volute\A-Volute.Nahimic\Modules\Scheduled\x64;C:\Windows\System32\DriverStore\FileRepository\u0394332.inf_amd64_8283e0ed71f669bb\B393994

VM Arguments:
jvm_args: -Dfile.encoding=UTF-8 --module-path=C:\Users\adity\OneDrive\Documents\NetBeansProjects\bank management system\build\classes 
java_command: bank.management.system.BalanceEnquiry
java_class_path (initial): C:\Users\adity\Downloads\mysql-connector-java-8.0.28.jar;C:\Users\adity\Downloads\jcalendar-tz-1.3.3-4.jar;C:\Users\adity\OneDrive\Documents\NetBeansProjects\bank management system\build\classes
Launcher Type: SUN_STANDARD

[Global flags]
     intx CICompilerCount                          = 4                                         {product} {ergonomic}
     uint ConcGCThreads                            = 3                                         {product} {ergonomic}
     uint G1ConcRefinementThreads                  = 10                                        {product} {ergonomic}
   size_t G1HeapRegionSize                         = 2097152                                   {product} {ergonomic}
    uintx GCDrainStackTargetSize                   = 64                                        {product} {ergonomic}
   size_t InitialHeapSize                          = 257949696                                 {product} {ergonomic}
   size_t MarkStackSize                            = 4194304                                   {product} {ergonomic}
   size_t MaxHeapSize                              = 4118806528                                {product} {ergonomic}
   size_t MaxNewSize                               = 2470445056                                {product} {ergonomic}
   size_t MinHeapDeltaBytes                        = 2097152                                   {product} {ergonomic}
   size_t MinHeapSize                              = 8388608                                   {product} {ergonomic}
    uintx NonNMethodCodeHeapSize                   = 5839372                                {pd product} {ergonomic}
    uintx NonProfiledCodeHeapSize                  = 122909434                              {pd product} {ergonomic}
    uintx ProfiledCodeHeapSize                     = 122909434                              {pd product} {ergonomic}
    uintx ReservedCodeCacheSize                    = 251658240                              {pd product} {ergonomic}
     bool SegmentedCodeCache                       = true                                      {product} {ergonomic}
   size_t SoftMaxHeapSize                          = 4118806528                             {manageable} {ergonomic}
     bool UseCompressedClassPointers               = true                           {product lp64_product} {ergonomic}
     bool UseCompressedOops                        = true                           {product lp64_product} {ergonomic}
     bool UseG1GC                                  = true                                      {product} {ergonomic}
     bool UseLargePagesIndividualAllocation        = false                                  {pd product} {ergonomic}

Logging:
Log output configuration:
 #0: stdout all=warning uptime,level,tags foldmultilines=false
 #1: stderr all=off uptime,level,tags foldmultilines=false

Environment Variables:
JAVA_HOME=C:\Program Files\Java\jdk-19
PATH=C:\Program Files\Python312\Scripts\;C:\Program Files\Python312\;C:\app\adity\product\21c\dbhomeXE\bin;C:\Program Files\Python310\Scripts\;C:\Program Files\Python310\;C:\Program Files\Common Files\Oracle\Java\javapath;C:\Windows\system32;C:\Windows;C:\Windows\System32\Wbem;C:\Windows\System32\WindowsPowerShell\v1.0\;C:\Windows\System32\OpenSSH\;C:\MinGW\bin;C:\Program Files\Java\jdk-19\bin;C:\Program Files\Python312;C:\Program Files\MySQL\MySQL Shell 8.0\bin\;C:\Users\adity\AppData\Local\Microsoft\WindowsApps;C:\Users\adity\AppData\Local\Programs\Microsoft VS Code\bin;C:\Program Files\JetBrains\IntelliJ IDEA Community Edition 2022.3.2\bin;;C:\Program Files\JetBrains\PyCharm Community Edition 2023.2.1\bin;;C:\Program Files\Python312;
USERNAME=adity
OS=Windows_NT
PROCESSOR_IDENTIFIER=AMD64 Family 23 Model 104 Stepping 1, AuthenticAMD
TMP=C:\Users\adity\AppData\Local\Temp
TEMP=C:\Users\adity\AppData\Local\Temp



---------------  S Y S T E M  ---------------

OS:
 Windows 11 , 64 bit Build 22621 (10.0.22621.3958)
OS uptime: 12 days 6:14 hours
Hyper-V role detected

CPU: total 12 (initial active 12) (12 cores per cpu, 2 threads per core) family 23 model 104 stepping 1 microcode 0x0, cx8, cmov, fxsr, ht, mmx, 3dnowpref, sse, sse2, sse3, ssse3, sse4a, sse4.1, sse4.2, popcnt, lzcnt, tsc, tscinvbit, avx, avx2, aes, clmul, bmi1, bmi2, adx, sha, fma, vzeroupper, clflush, clflushopt, hv, rdtscp, rdpid

Memory: 4k page, system-wide physical 15706M (6031M free)
TotalPageFile size 31066M (AvailPageFile size 1M)
current process WorkingSet (physical memory assigned to process): 115M, peak: 115M
current process commit charge ("private bytes"): 375M, peak: 381M

vm_info: Java HotSpot(TM) 64-Bit Server VM (19.0.1+10-21) for windows-amd64 JRE (19.0.1+10-21), built on 2022-09-14T12:45:06Z by "mach5one" with MS VC++ 17.1 (VS2022)

END.
